[2017-06-05T10:23:30,836][WARN ][o.e.d.r.RestController   ] The Content-Type [application/x-ldjson] has been superseded by [application/x-ndjson] in the specification and should be used instead.
[2017-06-05T14:06:25,106][WARN ][o.e.d.r.a.s.RestSuggestAction] [POST /{index}/_suggest] is deprecated! Use [POST /{index}/_search] instead.
[2017-06-05T18:08:58,654][WARN ][o.e.d.r.RestRequest      ] Expected a boolean [true/false] for request parameter [pretty] but got [1]
[2017-06-05T18:10:45,258][WARN ][o.e.d.r.RestRequest      ] Expected a boolean [true/false] for request parameter [pretty] but got [1]
[2017-06-05T18:12:45,624][WARN ][o.e.d.r.RestRequest      ] Expected a boolean [true/false] for request parameter [pretty] but got [1]
[2017-06-05T18:29:19,464][WARN ][o.e.d.r.RestRequest      ] Expected a boolean [true/false] for request parameter [pretty] but got [1]
[2017-06-05T18:30:56,100][WARN ][o.e.d.r.RestRequest      ] Expected a boolean [true/false] for request parameter [pretty] but got [1]
[2017-06-06T12:11:05,279][WARN ][o.e.d.r.RestController   ] Content type detection for rest requests is deprecated. Specify the content type using the [Content-Type] header.
[2017-06-06T14:48:29,155][WARN ][o.e.d.r.RestController   ] Content type detection for rest requests is deprecated. Specify the content type using the [Content-Type] header.
[2017-06-06T14:49:26,501][WARN ][o.e.d.r.RestController   ] Content type detection for rest requests is deprecated. Specify the content type using the [Content-Type] header.
[2017-06-06T14:55:48,972][WARN ][o.e.d.r.RestController   ] Content type detection for rest requests is deprecated. Specify the content type using the [Content-Type] header.
[2017-06-07T10:22:31,353][WARN ][o.e.d.r.RestController   ] Content type detection for rest requests is deprecated. Specify the content type using the [Content-Type] header.
[2017-06-07T10:22:31,399][WARN ][o.e.d.i.m.StringFieldMapper$TypeParser] The [string] field is deprecated, please use [text] or [keyword] instead on [city]
[2017-06-07T10:22:31,402][WARN ][o.e.d.i.m.StringFieldMapper$TypeParser] The [string] field is deprecated, please use [text] or [keyword] instead on [name]
[2017-06-07T10:42:58,992][WARN ][o.e.d.r.RestController   ] Content type detection for rest requests is deprecated. Specify the content type using the [Content-Type] header.
[2017-06-07T10:43:32,009][WARN ][o.e.d.r.RestController   ] Content type detection for rest requests is deprecated. Specify the content type using the [Content-Type] header.
[2017-06-07T10:43:50,504][WARN ][o.e.d.r.RestController   ] Content type detection for rest requests is deprecated. Specify the content type using the [Content-Type] header.
[2017-06-07T10:44:25,761][WARN ][o.e.d.r.RestController   ] Content type detection for rest requests is deprecated. Specify the content type using the [Content-Type] header.
[2017-06-07T10:44:25,762][WARN ][o.e.d.r.a.s.RestSuggestAction] [POST /{index}/_suggest] is deprecated! Use [POST /{index}/_search] instead.
[2017-06-07T12:05:34,361][WARN ][o.e.d.r.RestController   ] Content type detection for rest requests is deprecated. Specify the content type using the [Content-Type] header.
[2017-06-07T16:13:23,742][WARN ][o.e.d.r.RestController   ] The Content-Type [application/x-ldjson] has been superseded by [application/x-ndjson] in the specification and should be used instead.
[2017-06-08T11:52:25,125][WARN ][o.e.d.i.m.StringFieldMapper$TypeParser] The [string] field is deprecated, please use [text] or [keyword] instead on [buildNum]
[2017-06-08T11:59:48,955][WARN ][o.e.d.r.a.RestFieldStatsAction] [_field_stats] endpoint is deprecated! Use [_field_caps] instead or run a min/max aggregations on the desired fields.
[2017-06-08T12:00:10,594][WARN ][o.e.d.r.a.RestFieldStatsAction] [_field_stats] endpoint is deprecated! Use [_field_caps] instead or run a min/max aggregations on the desired fields.
[2017-06-08T12:00:12,616][WARN ][o.e.d.i.m.StringFieldMapper$TypeParser] The [string] field is deprecated, please use [text] or [keyword] instead on [title]
[2017-06-08T12:00:12,617][WARN ][o.e.d.i.m.StringFieldMapper$TypeParser] The [string] field is deprecated, please use [text] or [keyword] instead on [timeFieldName]
[2017-06-08T12:00:12,620][WARN ][o.e.d.i.m.StringFieldMapper$TypeParser] The [string] field is deprecated, please use [text] or [keyword] instead on [intervalName]
[2017-06-08T12:00:12,621][WARN ][o.e.d.i.m.StringFieldMapper$TypeParser] The [string] field is deprecated, please use [text] or [keyword] instead on [fields]
[2017-06-08T12:00:12,621][WARN ][o.e.d.i.m.StringFieldMapper$TypeParser] The [string] field is deprecated, please use [text] or [keyword] instead on [sourceFilters]
[2017-06-08T12:00:12,622][WARN ][o.e.d.i.m.StringFieldMapper$TypeParser] The [string] field is deprecated, please use [text] or [keyword] instead on [fieldFormatMap]
[2017-06-08T12:00:12,624][WARN ][o.e.d.i.m.StringFieldMapper$TypeParser] The [string] field is deprecated, please use [text] or [keyword] instead on [title]
[2017-06-08T12:00:12,625][WARN ][o.e.d.i.m.StringFieldMapper$TypeParser] The [string] field is deprecated, please use [text] or [keyword] instead on [timeFieldName]
[2017-06-08T12:00:12,625][WARN ][o.e.d.i.m.StringFieldMapper$TypeParser] The [string] field is deprecated, please use [text] or [keyword] instead on [intervalName]
[2017-06-08T12:00:12,625][WARN ][o.e.d.i.m.StringFieldMapper$TypeParser] The [string] field is deprecated, please use [text] or [keyword] instead on [fields]
[2017-06-08T12:00:12,625][WARN ][o.e.d.i.m.StringFieldMapper$TypeParser] The [string] field is deprecated, please use [text] or [keyword] instead on [sourceFilters]
[2017-06-08T12:00:12,626][WARN ][o.e.d.i.m.StringFieldMapper$TypeParser] The [string] field is deprecated, please use [text] or [keyword] instead on [fieldFormatMap]
[2017-06-08T12:00:12,818][WARN ][o.e.d.r.a.RestFieldStatsAction] [_field_stats] endpoint is deprecated! Use [_field_caps] instead or run a min/max aggregations on the desired fields.
[2017-06-08T12:19:54,187][WARN ][o.e.d.i.m.StringFieldMapper$TypeParser] The [string] field is deprecated, please use [text] or [keyword] instead on [title]
[2017-06-08T12:19:54,192][WARN ][o.e.d.i.m.StringFieldMapper$TypeParser] The [string] field is deprecated, please use [text] or [keyword] instead on [description]
[2017-06-08T12:19:54,194][WARN ][o.e.d.i.m.StringFieldMapper$TypeParser] The [string] field is deprecated, please use [text] or [keyword] instead on [columns]
[2017-06-08T12:19:54,194][WARN ][o.e.d.i.m.StringFieldMapper$TypeParser] The [string] field is deprecated, please use [text] or [keyword] instead on [sort]
[2017-06-08T12:19:54,195][WARN ][o.e.d.i.m.StringFieldMapper$TypeParser] The [string] field is deprecated, please use [text] or [keyword] instead on [searchSourceJSON]
[2017-06-08T12:19:54,196][WARN ][o.e.d.i.m.StringFieldMapper$TypeParser] The [string] field is deprecated, please use [text] or [keyword] instead on [title]
[2017-06-08T12:19:54,197][WARN ][o.e.d.i.m.StringFieldMapper$TypeParser] The [string] field is deprecated, please use [text] or [keyword] instead on [description]
[2017-06-08T12:19:54,198][WARN ][o.e.d.i.m.StringFieldMapper$TypeParser] The [string] field is deprecated, please use [text] or [keyword] instead on [columns]
[2017-06-08T12:19:54,198][WARN ][o.e.d.i.m.StringFieldMapper$TypeParser] The [string] field is deprecated, please use [text] or [keyword] instead on [sort]
[2017-06-08T12:19:54,199][WARN ][o.e.d.i.m.StringFieldMapper$TypeParser] The [string] field is deprecated, please use [text] or [keyword] instead on [searchSourceJSON]
[2017-06-08T15:06:58,731][WARN ][o.e.d.r.a.a.c.RestClusterSearchShardsAction] type [line] doesn't have any effect in the search shards api, it should be rather omitted
[2017-06-09T17:32:55,589][WARN ][o.e.d.r.RestController   ] Content type detection for rest requests is deprecated. Specify the content type using the [Content-Type] header.
[2017-06-12T11:00:25,354][WARN ][o.e.d.r.RestController   ] Content type detection for rest requests is deprecated. Specify the content type using the [Content-Type] header.
[2017-06-12T11:01:26,063][WARN ][o.e.d.r.RestController   ] Content type detection for rest requests is deprecated. Specify the content type using the [Content-Type] header.
[2017-06-12T11:01:28,424][WARN ][o.e.d.r.RestController   ] Content type detection for rest requests is deprecated. Specify the content type using the [Content-Type] header.
[2017-06-12T15:59:57,615][WARN ][o.e.d.i.m.StringFieldMapper$TypeParser] The [string] field is deprecated, please use [text] or [keyword] instead on [text]
[2017-06-12T15:59:57,655][WARN ][o.e.d.i.m.StringFieldMapper$TypeParser] The [string] field is deprecated, please use [text] or [keyword] instead on [text]
[2017-06-14T17:53:45,118][WARN ][o.e.d.i.m.StringFieldMapper$TypeParser] The [string] field is deprecated, please use [text] or [keyword] instead on [name]
[2017-06-14T17:53:45,205][WARN ][o.e.d.i.m.StringFieldMapper$TypeParser] The [string] field is deprecated, please use [text] or [keyword] instead on [name]
[2017-06-14T18:11:00,737][WARN ][o.e.d.r.RestController   ] Content type detection for rest requests is deprecated. Specify the content type using the [Content-Type] header.
[2017-06-15T16:24:09,281][WARN ][o.e.d.r.RestController   ] Content type detection for rest requests is deprecated. Specify the content type using the [Content-Type] header.
[2017-06-16T11:45:43,669][WARN ][o.e.d.i.m.StringFieldMapper$TypeParser] The [string] field is deprecated, please use [text] or [keyword] instead on [name]
[2017-06-16T11:49:40,894][WARN ][o.e.d.i.m.TypeParsers    ] Expected a boolean [true/false] for property [index] but got [not_analyzed]
[2017-06-16T11:50:55,379][WARN ][o.e.d.i.m.TypeParsers    ] Expected a boolean [true/false] for property [index] but got [not_analyzed]
[2017-06-16T11:54:51,426][WARN ][o.e.d.i.m.TypeParsers    ] Expected a boolean [true/false] for property [index] but got [not_analyzed]
[2017-06-16T11:55:07,917][WARN ][o.e.d.i.m.TypeParsers    ] Expected a boolean [true/false] for property [index] but got [not_analyzed]
[2017-06-16T11:55:07,930][WARN ][o.e.d.i.m.TypeParsers    ] Expected a boolean [true/false] for property [index] but got [not_analyzed]
[2017-06-16T11:56:37,903][WARN ][o.e.d.i.m.TypeParsers    ] Expected a boolean [true/false] for property [index] but got [no]
[2017-06-16T11:56:37,913][WARN ][o.e.d.i.m.TypeParsers    ] Expected a boolean [true/false] for property [index] but got [no]
[2017-06-20T09:13:06,155][WARN ][o.e.d.r.RestRequest      ] Expected a boolean [true/false] for request parameter [pretty] but got [True]
[2017-06-20T09:13:19,445][WARN ][o.e.d.r.RestRequest      ] Expected a boolean [true/false] for request parameter [pretty] but got [True]
[2017-06-20T09:13:26,753][WARN ][o.e.d.r.RestRequest      ] Expected a boolean [true/false] for request parameter [pretty] but got [True]
[2017-06-20T09:13:30,118][WARN ][o.e.d.r.RestRequest      ] Expected a boolean [true/false] for request parameter [pretty] but got [True]
[2017-06-20T09:13:47,609][WARN ][o.e.d.r.RestRequest      ] Expected a boolean [true/false] for request parameter [pretty] but got [True]
[2017-06-20T09:13:59,043][WARN ][o.e.d.r.RestRequest      ] Expected a boolean [true/false] for request parameter [pretty] but got [True]
[2017-06-20T09:20:05,318][WARN ][o.e.d.r.RestRequest      ] Expected a boolean [true/false] for request parameter [pretty] but got [True]
[2017-06-20T11:30:51,325][WARN ][o.e.d.i.m.StringFieldMapper$TypeParser] The [string] field is deprecated, please use [text] or [keyword] instead on [autocomplete]
[2017-06-20T11:30:51,341][WARN ][o.e.d.i.m.StringFieldMapper$TypeParser] The [string] field is deprecated, please use [text] or [keyword] instead on [description]
[2017-06-20T11:30:51,345][WARN ][o.e.d.i.m.StringFieldMapper$TypeParser] The [string] field is deprecated, please use [text] or [keyword] instead on [did_you_mean]
[2017-06-20T11:30:51,345][WARN ][o.e.d.i.m.StringFieldMapper$TypeParser] The [string] field is deprecated, please use [text] or [keyword] instead on [title]
[2017-06-20T11:30:51,351][WARN ][o.e.d.i.m.StringFieldMapper$TypeParser] The [string] field is deprecated, please use [text] or [keyword] instead on [autocomplete]
[2017-06-20T11:30:51,351][WARN ][o.e.d.i.m.StringFieldMapper$TypeParser] The [string] field is deprecated, please use [text] or [keyword] instead on [description]
[2017-06-20T11:30:51,352][WARN ][o.e.d.i.m.StringFieldMapper$TypeParser] The [string] field is deprecated, please use [text] or [keyword] instead on [did_you_mean]
[2017-06-20T11:30:51,352][WARN ][o.e.d.i.m.StringFieldMapper$TypeParser] The [string] field is deprecated, please use [text] or [keyword] instead on [title]
[2017-06-20T11:56:23,578][WARN ][o.e.d.c.ParseField       ] Deprecated field [pattern] used, replaced by [Put patterns directly under the [include] or [exclude]]
[2017-06-20T12:17:33,506][WARN ][o.e.d.c.ParseField       ] Deprecated field [pattern] used, replaced by [Put patterns directly under the [include] or [exclude]]
[2017-06-20T12:19:21,125][WARN ][o.e.d.c.ParseField       ] Deprecated field [pattern] used, replaced by [Put patterns directly under the [include] or [exclude]]
[2017-06-20T12:20:05,537][WARN ][o.e.d.c.ParseField       ] Deprecated field [pattern] used, replaced by [Put patterns directly under the [include] or [exclude]]
[2017-06-20T12:23:12,524][WARN ][o.e.d.c.ParseField       ] Deprecated field [pattern] used, replaced by [Put patterns directly under the [include] or [exclude]]
[2017-06-20T12:28:24,843][WARN ][o.e.d.c.ParseField       ] Deprecated field [pattern] used, replaced by [Put patterns directly under the [include] or [exclude]]
[2017-06-20T15:08:02,317][WARN ][o.e.d.r.RestController   ] Content type detection for rest requests is deprecated. Specify the content type using the [Content-Type] header.
[2017-06-20T15:12:08,083][WARN ][o.e.d.r.RestController   ] Content type detection for rest requests is deprecated. Specify the content type using the [Content-Type] header.
[2017-06-20T16:17:02,919][WARN ][o.e.d.r.RestController   ] Content type detection for rest requests is deprecated. Specify the content type using the [Content-Type] header.
[2017-06-20T16:46:37,483][WARN ][o.e.d.c.ParseField       ] Deprecated field [pattern] used, replaced by [Put patterns directly under the [include] or [exclude]]
[2017-06-20T16:47:12,465][WARN ][o.e.d.c.ParseField       ] Deprecated field [pattern] used, replaced by [Put patterns directly under the [include] or [exclude]]
[2017-06-20T17:31:36,393][WARN ][o.e.d.i.m.StringFieldMapper$TypeParser] The [string] field is deprecated, please use [text] or [keyword] instead on [name]
[2017-06-20T17:31:36,406][WARN ][o.e.d.i.m.StringFieldMapper$TypeParser] The [string] field is deprecated, please use [text] or [keyword] instead on [name]
[2017-06-20T17:32:04,614][WARN ][o.e.d.i.m.StringFieldMapper$TypeParser] The [string] field is deprecated, please use [text] or [keyword] instead on [name]
[2017-06-20T17:32:04,624][WARN ][o.e.d.i.m.StringFieldMapper$TypeParser] The [string] field is deprecated, please use [text] or [keyword] instead on [name]
[2017-06-20T17:39:51,880][WARN ][o.e.d.i.m.StringFieldMapper$TypeParser] The [string] field is deprecated, please use [text] or [keyword] instead on [name]
[2017-06-20T17:39:51,891][WARN ][o.e.d.i.m.StringFieldMapper$TypeParser] The [string] field is deprecated, please use [text] or [keyword] instead on [name]
[2017-06-21T09:41:52,726][WARN ][o.e.d.r.RestController   ] Content type detection for rest requests is deprecated. Specify the content type using the [Content-Type] header.
[2017-06-21T09:42:23,412][WARN ][o.e.d.r.RestController   ] Content type detection for rest requests is deprecated. Specify the content type using the [Content-Type] header.
[2017-06-21T09:53:37,518][WARN ][o.e.d.r.RestController   ] Content type detection for rest requests is deprecated. Specify the content type using the [Content-Type] header.
[2017-06-21T16:40:40,122][WARN ][o.e.d.i.m.StringFieldMapper$TypeParser] The [string] field is deprecated, please use [text] or [keyword] instead on [description]
[2017-06-21T16:40:40,127][WARN ][o.e.d.i.m.StringFieldMapper$TypeParser] The [string] field is deprecated, please use [text] or [keyword] instead on [title]
[2017-06-21T16:40:40,129][WARN ][o.e.d.i.m.StringFieldMapper$TypeParser] The [string] field is deprecated, please use [text] or [keyword] instead on [tags]
[2017-06-21T16:44:45,592][WARN ][o.e.d.r.a.s.RestSuggestAction] [POST /{index}/_suggest] is deprecated! Use [POST /{index}/_search] instead.
[2017-06-21T17:08:54,081][WARN ][o.e.d.r.RestController   ] Content type detection for rest requests is deprecated. Specify the content type using the [Content-Type] header.
[2017-06-21T17:19:26,959][WARN ][o.e.d.r.RestController   ] Content type detection for rest requests is deprecated. Specify the content type using the [Content-Type] header.
[2017-06-21T17:37:32,711][WARN ][o.e.d.r.RestController   ] Content type detection for rest requests is deprecated. Specify the content type using the [Content-Type] header.
[2017-06-23T14:51:54,493][WARN ][o.e.d.r.a.s.RestSuggestAction] [POST /{index}/_suggest] is deprecated! Use [POST /{index}/_search] instead.
