[2017-06-27T09:23:24,061][INFO ][o.e.n.Node               ] [] initializing ...
[2017-06-27T09:23:24,215][INFO ][o.e.e.NodeEnvironment    ] [_h1h-U9] using [1] data paths, mounts [[/ (/dev/disk1)]], net usable_space [66.7gb], net total_space [232.6gb], spins? [unknown], types [hfs]
[2017-06-27T09:23:24,216][INFO ][o.e.e.NodeEnvironment    ] [_h1h-U9] heap size [1.9gb], compressed ordinary object pointers [true]
[2017-06-27T09:23:24,359][INFO ][o.e.n.Node               ] node name [_h1h-U9] derived from node ID [_h1h-U9BTimL7eEx1BH6mA]; set [node.name] to override
[2017-06-27T09:23:24,359][INFO ][o.e.n.Node               ] version[5.4.1], pid[5179], build[2cfe0df/2017-05-29T16:05:51.443Z], OS[Mac OS X/10.12.5/x86_64], JVM[Oracle Corporation/Java HotSpot(TM) 64-Bit Server VM/1.8.0_131/25.131-b11]
[2017-06-27T09:23:24,360][INFO ][o.e.n.Node               ] JVM arguments [-Xms2g, -Xmx2g, -XX:+UseConcMarkSweepGC, -XX:CMSInitiatingOccupancyFraction=75, -XX:+UseCMSInitiatingOccupancyOnly, -XX:+DisableExplicitGC, -XX:+AlwaysPreTouch, -Xss1m, -Djava.awt.headless=true, -Dfile.encoding=UTF-8, -Djna.nosys=true, -Djdk.io.permissionsUseCanonicalPath=true, -Dio.netty.noUnsafe=true, -Dio.netty.noKeySetOptimization=true, -Dio.netty.recycler.maxCapacityPerThread=0, -Dlog4j.shutdownHookEnabled=false, -Dlog4j2.disable.jmx=true, -Dlog4j.skipJansi=true, -XX:+HeapDumpOnOutOfMemoryError, -Des.path.home=/Users/ggil01/my_tutorials_and_short/node/elastic_search_node/elasticsearch-5.4.1]
[2017-06-27T09:23:26,748][INFO ][o.e.p.PluginsService     ] [_h1h-U9] loaded module [aggs-matrix-stats]
[2017-06-27T09:23:26,748][INFO ][o.e.p.PluginsService     ] [_h1h-U9] loaded module [ingest-common]
[2017-06-27T09:23:26,749][INFO ][o.e.p.PluginsService     ] [_h1h-U9] loaded module [lang-expression]
[2017-06-27T09:23:26,749][INFO ][o.e.p.PluginsService     ] [_h1h-U9] loaded module [lang-groovy]
[2017-06-27T09:23:26,749][INFO ][o.e.p.PluginsService     ] [_h1h-U9] loaded module [lang-mustache]
[2017-06-27T09:23:26,749][INFO ][o.e.p.PluginsService     ] [_h1h-U9] loaded module [lang-painless]
[2017-06-27T09:23:26,749][INFO ][o.e.p.PluginsService     ] [_h1h-U9] loaded module [percolator]
[2017-06-27T09:23:26,749][INFO ][o.e.p.PluginsService     ] [_h1h-U9] loaded module [reindex]
[2017-06-27T09:23:26,750][INFO ][o.e.p.PluginsService     ] [_h1h-U9] loaded module [transport-netty3]
[2017-06-27T09:23:26,750][INFO ][o.e.p.PluginsService     ] [_h1h-U9] loaded module [transport-netty4]
[2017-06-27T09:23:26,751][INFO ][o.e.p.PluginsService     ] [_h1h-U9] no plugins loaded
[2017-06-27T09:23:29,863][INFO ][o.e.d.DiscoveryModule    ] [_h1h-U9] using discovery type [zen]
[2017-06-27T09:23:30,924][INFO ][o.e.n.Node               ] initialized
[2017-06-27T09:23:30,924][INFO ][o.e.n.Node               ] [_h1h-U9] starting ...
[2017-06-27T09:23:31,208][INFO ][o.e.t.TransportService   ] [_h1h-U9] publish_address {127.0.0.1:9300}, bound_addresses {[fe80::1]:9300}, {[::1]:9300}, {127.0.0.1:9300}
[2017-06-27T09:23:34,489][INFO ][o.e.c.s.ClusterService   ] [_h1h-U9] new_master {_h1h-U9}{_h1h-U9BTimL7eEx1BH6mA}{J8o2t2zzQlugSHx_qMrwAA}{127.0.0.1}{127.0.0.1:9300}, reason: zen-disco-elected-as-master ([0] nodes joined)
[2017-06-27T09:23:34,526][INFO ][o.e.h.n.Netty4HttpServerTransport] [_h1h-U9] publish_address {127.0.0.1:9200}, bound_addresses {[fe80::1]:9200}, {[::1]:9200}, {127.0.0.1:9200}
[2017-06-27T09:23:34,532][INFO ][o.e.n.Node               ] [_h1h-U9] started
[2017-06-27T09:23:34,948][INFO ][o.e.g.GatewayService     ] [_h1h-U9] recovered [10] indices into cluster_state
[2017-06-27T09:23:36,932][INFO ][o.e.c.r.a.AllocationService] [_h1h-U9] Cluster health status changed from [RED] to [YELLOW] (reason: [shards started [[recipes][1], [recipes][0]] ...]).
[2017-06-27T09:33:05,528][INFO ][o.e.m.j.JvmGcMonitorService] [_h1h-U9] [gc][573] overhead, spent [283ms] collecting in the last [1s]
[2017-06-27T18:11:28,958][INFO ][o.e.n.Node               ] [_h1h-U9] stopping ...
[2017-06-27T18:11:29,925][INFO ][o.e.n.Node               ] [_h1h-U9] stopped
[2017-06-27T18:11:29,926][INFO ][o.e.n.Node               ] [_h1h-U9] closing ...
[2017-06-27T18:11:29,972][INFO ][o.e.n.Node               ] [_h1h-U9] closed
