[2017-06-08T10:57:50,770][INFO ][o.e.n.Node               ] [] initializing ...
[2017-06-08T10:57:50,925][INFO ][o.e.e.NodeEnvironment    ] [_h1h-U9] using [1] data paths, mounts [[/ (/dev/disk1)]], net usable_space [59.6gb], net total_space [232.6gb], spins? [unknown], types [hfs]
[2017-06-08T10:57:50,925][INFO ][o.e.e.NodeEnvironment    ] [_h1h-U9] heap size [1.9gb], compressed ordinary object pointers [true]
[2017-06-08T10:57:50,996][INFO ][o.e.n.Node               ] node name [_h1h-U9] derived from node ID [_h1h-U9BTimL7eEx1BH6mA]; set [node.name] to override
[2017-06-08T10:57:50,997][INFO ][o.e.n.Node               ] version[5.4.1], pid[7485], build[2cfe0df/2017-05-29T16:05:51.443Z], OS[Mac OS X/10.12.5/x86_64], JVM[Oracle Corporation/Java HotSpot(TM) 64-Bit Server VM/1.8.0_131/25.131-b11]
[2017-06-08T10:57:50,998][INFO ][o.e.n.Node               ] JVM arguments [-Xms2g, -Xmx2g, -XX:+UseConcMarkSweepGC, -XX:CMSInitiatingOccupancyFraction=75, -XX:+UseCMSInitiatingOccupancyOnly, -XX:+DisableExplicitGC, -XX:+AlwaysPreTouch, -Xss1m, -Djava.awt.headless=true, -Dfile.encoding=UTF-8, -Djna.nosys=true, -Djdk.io.permissionsUseCanonicalPath=true, -Dio.netty.noUnsafe=true, -Dio.netty.noKeySetOptimization=true, -Dio.netty.recycler.maxCapacityPerThread=0, -Dlog4j.shutdownHookEnabled=false, -Dlog4j2.disable.jmx=true, -Dlog4j.skipJansi=true, -XX:+HeapDumpOnOutOfMemoryError, -Des.path.home=/Users/ggil01/my_tutorials_and_short/node/elastic_search_node/elasticsearch-5.4.1]
[2017-06-08T10:57:53,030][INFO ][o.e.p.PluginsService     ] [_h1h-U9] loaded module [aggs-matrix-stats]
[2017-06-08T10:57:53,031][INFO ][o.e.p.PluginsService     ] [_h1h-U9] loaded module [ingest-common]
[2017-06-08T10:57:53,031][INFO ][o.e.p.PluginsService     ] [_h1h-U9] loaded module [lang-expression]
[2017-06-08T10:57:53,031][INFO ][o.e.p.PluginsService     ] [_h1h-U9] loaded module [lang-groovy]
[2017-06-08T10:57:53,031][INFO ][o.e.p.PluginsService     ] [_h1h-U9] loaded module [lang-mustache]
[2017-06-08T10:57:53,032][INFO ][o.e.p.PluginsService     ] [_h1h-U9] loaded module [lang-painless]
[2017-06-08T10:57:53,032][INFO ][o.e.p.PluginsService     ] [_h1h-U9] loaded module [percolator]
[2017-06-08T10:57:53,032][INFO ][o.e.p.PluginsService     ] [_h1h-U9] loaded module [reindex]
[2017-06-08T10:57:53,032][INFO ][o.e.p.PluginsService     ] [_h1h-U9] loaded module [transport-netty3]
[2017-06-08T10:57:53,032][INFO ][o.e.p.PluginsService     ] [_h1h-U9] loaded module [transport-netty4]
[2017-06-08T10:57:53,033][INFO ][o.e.p.PluginsService     ] [_h1h-U9] no plugins loaded
[2017-06-08T10:57:57,020][INFO ][o.e.d.DiscoveryModule    ] [_h1h-U9] using discovery type [zen]
[2017-06-08T10:57:58,347][INFO ][o.e.n.Node               ] initialized
[2017-06-08T10:57:58,347][INFO ][o.e.n.Node               ] [_h1h-U9] starting ...
[2017-06-08T10:57:58,729][INFO ][o.e.t.TransportService   ] [_h1h-U9] publish_address {127.0.0.1:9300}, bound_addresses {[fe80::1]:9300}, {[::1]:9300}, {127.0.0.1:9300}
[2017-06-08T10:58:01,825][INFO ][o.e.c.s.ClusterService   ] [_h1h-U9] new_master {_h1h-U9}{_h1h-U9BTimL7eEx1BH6mA}{Gy2FEiD9ThivHyhySSOhrw}{127.0.0.1}{127.0.0.1:9300}, reason: zen-disco-elected-as-master ([0] nodes joined)
[2017-06-08T10:58:01,856][INFO ][o.e.h.n.Netty4HttpServerTransport] [_h1h-U9] publish_address {127.0.0.1:9200}, bound_addresses {[fe80::1]:9200}, {[::1]:9200}, {127.0.0.1:9200}
[2017-06-08T10:58:01,861][INFO ][o.e.n.Node               ] [_h1h-U9] started
[2017-06-08T10:58:02,210][INFO ][o.e.g.GatewayService     ] [_h1h-U9] recovered [4] indices into cluster_state
[2017-06-08T10:58:03,636][INFO ][o.e.c.r.a.AllocationService] [_h1h-U9] Cluster health status changed from [RED] to [YELLOW] (reason: [shards started [[library][4], [library][2], [library][3]] ...]).
[2017-06-08T11:52:25,192][INFO ][o.e.c.m.MetaDataCreateIndexService] [_h1h-U9] [.kibana] creating index, cause [api], templates [], shards [1]/[1], mappings [server, config]
[2017-06-08T11:52:36,641][INFO ][o.e.m.j.JvmGcMonitorService] [_h1h-U9] [gc][3269] overhead, spent [277ms] collecting in the last [1s]
[2017-06-08T12:00:12,630][INFO ][o.e.c.m.MetaDataMappingService] [_h1h-U9] [.kibana/bh3Gwg22TayRQ-Nowq7kNQ] create_mapping [index-pattern]
[2017-06-08T12:00:13,281][INFO ][o.e.c.m.MetaDataMappingService] [_h1h-U9] [.kibana/bh3Gwg22TayRQ-Nowq7kNQ] update_mapping [config]
[2017-06-08T12:16:11,223][INFO ][o.e.m.j.JvmGcMonitorService] [_h1h-U9] [gc][4679] overhead, spent [571ms] collecting in the last [1.3s]
[2017-06-08T12:19:54,202][INFO ][o.e.c.m.MetaDataMappingService] [_h1h-U9] [.kibana/bh3Gwg22TayRQ-Nowq7kNQ] create_mapping [search]
[2017-06-08T12:55:56,422][INFO ][o.e.c.m.MetaDataCreateIndexService] [_h1h-U9] [shakespeare] creating index, cause [api], templates [], shards [5]/[1], mappings [_default_]
[2017-06-08T13:11:37,688][INFO ][o.e.c.m.MetaDataMappingService] [_h1h-U9] [shakespeare/6KVX2iejTp2F3_4ba1CK9w] create_mapping [scene]
[2017-06-08T13:11:37,698][INFO ][o.e.c.m.MetaDataMappingService] [_h1h-U9] [shakespeare/6KVX2iejTp2F3_4ba1CK9w] create_mapping [line]
[2017-06-08T13:11:38,194][INFO ][o.e.c.m.MetaDataMappingService] [_h1h-U9] [shakespeare/6KVX2iejTp2F3_4ba1CK9w] create_mapping [act]
[2017-06-08T13:30:42,867][INFO ][o.e.m.j.JvmGcMonitorService] [_h1h-U9] [gc][9135] overhead, spent [363ms] collecting in the last [1.1s]
[2017-06-08T17:06:51,681][INFO ][o.e.c.m.MetaDataMappingService] [_h1h-U9] [shakespeare/6KVX2iejTp2F3_4ba1CK9w] update_mapping [line]
[2017-06-08T17:15:43,689][INFO ][o.e.c.m.MetaDataMappingService] [_h1h-U9] [shakespeare/6KVX2iejTp2F3_4ba1CK9w] update_mapping [line]
[2017-06-08T17:54:21,523][INFO ][o.e.c.m.MetaDataDeleteIndexService] [_h1h-U9] [shakespeare/6KVX2iejTp2F3_4ba1CK9w] deleting index
[2017-06-08T17:54:29,774][INFO ][o.e.c.m.MetaDataCreateIndexService] [_h1h-U9] [shakespeare] creating index, cause [auto(bulk api)], templates [], shards [5]/[1], mappings []
[2017-06-08T17:54:29,908][INFO ][o.e.c.m.MetaDataMappingService] [_h1h-U9] [shakespeare/V1hHrLzaTViid25dGCA9YQ] create_mapping [line]
[2017-06-08T18:03:45,150][INFO ][o.e.c.m.MetaDataMappingService] [_h1h-U9] [shakespeare/V1hHrLzaTViid25dGCA9YQ] update_mapping [line]
[2017-06-08T18:05:57,746][INFO ][o.e.c.m.MetaDataDeleteIndexService] [_h1h-U9] [shakespeare/V1hHrLzaTViid25dGCA9YQ] deleting index
[2017-06-08T18:07:14,751][INFO ][o.e.c.m.MetaDataCreateIndexService] [_h1h-U9] [shakespeare] creating index, cause [auto(bulk api)], templates [], shards [5]/[1], mappings []
[2017-06-08T18:07:14,925][INFO ][o.e.c.m.MetaDataMappingService] [_h1h-U9] [shakespeare/8C-iYFhkSPahu55kz4oZzQ] create_mapping [line]
[2017-06-08T18:12:13,180][INFO ][o.e.n.Node               ] [_h1h-U9] stopping ...
[2017-06-08T18:12:13,422][INFO ][o.e.n.Node               ] [_h1h-U9] stopped
[2017-06-08T18:12:13,424][INFO ][o.e.n.Node               ] [_h1h-U9] closing ...
[2017-06-08T18:12:13,493][INFO ][o.e.n.Node               ] [_h1h-U9] closed
