[2017-06-12T10:35:24,119][INFO ][o.e.n.Node               ] [] initializing ...
[2017-06-12T10:35:24,279][INFO ][o.e.e.NodeEnvironment    ] [_h1h-U9] using [1] data paths, mounts [[/ (/dev/disk1)]], net usable_space [67.1gb], net total_space [232.6gb], spins? [unknown], types [hfs]
[2017-06-12T10:35:24,279][INFO ][o.e.e.NodeEnvironment    ] [_h1h-U9] heap size [1.9gb], compressed ordinary object pointers [true]
[2017-06-12T10:35:24,437][INFO ][o.e.n.Node               ] node name [_h1h-U9] derived from node ID [_h1h-U9BTimL7eEx1BH6mA]; set [node.name] to override
[2017-06-12T10:35:24,438][INFO ][o.e.n.Node               ] version[5.4.1], pid[8989], build[2cfe0df/2017-05-29T16:05:51.443Z], OS[Mac OS X/10.12.5/x86_64], JVM[Oracle Corporation/Java HotSpot(TM) 64-Bit Server VM/1.8.0_131/25.131-b11]
[2017-06-12T10:35:24,438][INFO ][o.e.n.Node               ] JVM arguments [-Xms2g, -Xmx2g, -XX:+UseConcMarkSweepGC, -XX:CMSInitiatingOccupancyFraction=75, -XX:+UseCMSInitiatingOccupancyOnly, -XX:+DisableExplicitGC, -XX:+AlwaysPreTouch, -Xss1m, -Djava.awt.headless=true, -Dfile.encoding=UTF-8, -Djna.nosys=true, -Djdk.io.permissionsUseCanonicalPath=true, -Dio.netty.noUnsafe=true, -Dio.netty.noKeySetOptimization=true, -Dio.netty.recycler.maxCapacityPerThread=0, -Dlog4j.shutdownHookEnabled=false, -Dlog4j2.disable.jmx=true, -Dlog4j.skipJansi=true, -XX:+HeapDumpOnOutOfMemoryError, -Des.path.home=/Users/ggil01/my_tutorials_and_short/node/elastic_search_node/elasticsearch-5.4.1]
[2017-06-12T10:35:26,680][INFO ][o.e.p.PluginsService     ] [_h1h-U9] loaded module [aggs-matrix-stats]
[2017-06-12T10:35:26,680][INFO ][o.e.p.PluginsService     ] [_h1h-U9] loaded module [ingest-common]
[2017-06-12T10:35:26,680][INFO ][o.e.p.PluginsService     ] [_h1h-U9] loaded module [lang-expression]
[2017-06-12T10:35:26,680][INFO ][o.e.p.PluginsService     ] [_h1h-U9] loaded module [lang-groovy]
[2017-06-12T10:35:26,681][INFO ][o.e.p.PluginsService     ] [_h1h-U9] loaded module [lang-mustache]
[2017-06-12T10:35:26,681][INFO ][o.e.p.PluginsService     ] [_h1h-U9] loaded module [lang-painless]
[2017-06-12T10:35:26,681][INFO ][o.e.p.PluginsService     ] [_h1h-U9] loaded module [percolator]
[2017-06-12T10:35:26,681][INFO ][o.e.p.PluginsService     ] [_h1h-U9] loaded module [reindex]
[2017-06-12T10:35:26,681][INFO ][o.e.p.PluginsService     ] [_h1h-U9] loaded module [transport-netty3]
[2017-06-12T10:35:26,681][INFO ][o.e.p.PluginsService     ] [_h1h-U9] loaded module [transport-netty4]
[2017-06-12T10:35:26,682][INFO ][o.e.p.PluginsService     ] [_h1h-U9] no plugins loaded
[2017-06-12T10:35:30,179][INFO ][o.e.d.DiscoveryModule    ] [_h1h-U9] using discovery type [zen]
[2017-06-12T10:35:31,297][INFO ][o.e.n.Node               ] initialized
[2017-06-12T10:35:31,297][INFO ][o.e.n.Node               ] [_h1h-U9] starting ...
[2017-06-12T10:35:31,689][INFO ][o.e.t.TransportService   ] [_h1h-U9] publish_address {127.0.0.1:9300}, bound_addresses {[fe80::1]:9300}, {[::1]:9300}, {127.0.0.1:9300}
[2017-06-12T10:35:34,783][INFO ][o.e.c.s.ClusterService   ] [_h1h-U9] new_master {_h1h-U9}{_h1h-U9BTimL7eEx1BH6mA}{j2iURkvfTX-Oy0C_IkJD0g}{127.0.0.1}{127.0.0.1:9300}, reason: zen-disco-elected-as-master ([0] nodes joined)
[2017-06-12T10:35:34,818][INFO ][o.e.h.n.Netty4HttpServerTransport] [_h1h-U9] publish_address {127.0.0.1:9200}, bound_addresses {[fe80::1]:9200}, {[::1]:9200}, {127.0.0.1:9200}
[2017-06-12T10:35:34,827][INFO ][o.e.n.Node               ] [_h1h-U9] started
[2017-06-12T10:35:35,184][INFO ][o.e.g.GatewayService     ] [_h1h-U9] recovered [7] indices into cluster_state
[2017-06-12T10:35:36,634][INFO ][o.e.c.r.a.AllocationService] [_h1h-U9] Cluster health status changed from [RED] to [YELLOW] (reason: [shards started [[library][2], [library][3]] ...]).
[2017-06-12T10:37:08,605][INFO ][o.e.m.j.JvmGcMonitorService] [_h1h-U9] [gc][97] overhead, spent [356ms] collecting in the last [1s]
[2017-06-12T11:02:58,445][INFO ][o.e.c.m.MetaDataCreateIndexService] [_h1h-U9] [my_temp_index] creating index, cause [api], templates [], shards [1]/[0], mappings []
[2017-06-12T11:03:59,595][INFO ][o.e.c.m.MetaDataDeleteIndexService] [_h1h-U9] [my_temp_index/26hms6ZLRR-24AO_FGJtSA] deleting index
[2017-06-12T11:08:19,839][INFO ][o.e.c.m.MetaDataCreateIndexService] [_h1h-U9] [recipescompletes] creating index, cause [api], templates [], shards [5]/[1], mappings []
[2017-06-12T11:16:55,048][INFO ][o.e.c.m.MetaDataDeleteIndexService] [_h1h-U9] [recipescompletes/U2Ybne-iSW2SP46r5TpiXg] deleting index
[2017-06-12T11:17:03,347][INFO ][o.e.c.m.MetaDataCreateIndexService] [_h1h-U9] [recipescompletes] creating index, cause [api], templates [], shards [5]/[1], mappings [user]
[2017-06-12T11:32:48,021][INFO ][o.e.c.m.MetaDataDeleteIndexService] [_h1h-U9] [recipescompletes/1WYmEtZ4RpGz91aUBJ47Vg] deleting index
[2017-06-12T11:33:11,881][INFO ][o.e.c.m.MetaDataCreateIndexService] [_h1h-U9] [recipescompletes] creating index, cause [api], templates [], shards [1]/[0], mappings []
[2017-06-12T11:35:38,257][DEBUG][o.e.a.a.i.s.p.TransportUpdateSettingsAction] [_h1h-U9] failed to update settings on indices [[[recipescompletes/mtNrYeAmS-Sz4d1AG5PeNA]]]
java.lang.IllegalArgumentException: Can't update non dynamic settings [[index.number_of_shards]] for open indices [[recipescompletes/mtNrYeAmS-Sz4d1AG5PeNA]]
	at org.elasticsearch.cluster.metadata.MetaDataUpdateSettingsService$2.execute(MetaDataUpdateSettingsService.java:220) ~[elasticsearch-5.4.1.jar:5.4.1]
	at org.elasticsearch.cluster.ClusterStateUpdateTask.execute(ClusterStateUpdateTask.java:45) ~[elasticsearch-5.4.1.jar:5.4.1]
	at org.elasticsearch.cluster.service.ClusterService.executeTasks(ClusterService.java:633) ~[elasticsearch-5.4.1.jar:5.4.1]
	at org.elasticsearch.cluster.service.ClusterService.calculateTaskOutputs(ClusterService.java:611) ~[elasticsearch-5.4.1.jar:5.4.1]
	at org.elasticsearch.cluster.service.ClusterService.runTasks(ClusterService.java:570) [elasticsearch-5.4.1.jar:5.4.1]
	at org.elasticsearch.cluster.service.ClusterService$ClusterServiceTaskBatcher.run(ClusterService.java:262) [elasticsearch-5.4.1.jar:5.4.1]
	at org.elasticsearch.cluster.service.TaskBatcher.runIfNotProcessed(TaskBatcher.java:150) [elasticsearch-5.4.1.jar:5.4.1]
	at org.elasticsearch.cluster.service.TaskBatcher$BatchedTask.run(TaskBatcher.java:188) [elasticsearch-5.4.1.jar:5.4.1]
	at org.elasticsearch.common.util.concurrent.ThreadContext$ContextPreservingRunnable.run(ThreadContext.java:569) [elasticsearch-5.4.1.jar:5.4.1]
	at org.elasticsearch.common.util.concurrent.PrioritizedEsThreadPoolExecutor$TieBreakingPrioritizedRunnable.runAndClean(PrioritizedEsThreadPoolExecutor.java:247) [elasticsearch-5.4.1.jar:5.4.1]
	at org.elasticsearch.common.util.concurrent.PrioritizedEsThreadPoolExecutor$TieBreakingPrioritizedRunnable.run(PrioritizedEsThreadPoolExecutor.java:210) [elasticsearch-5.4.1.jar:5.4.1]
	at java.util.concurrent.ThreadPoolExecutor.runWorker(ThreadPoolExecutor.java:1142) [?:1.8.0_131]
	at java.util.concurrent.ThreadPoolExecutor$Worker.run(ThreadPoolExecutor.java:617) [?:1.8.0_131]
	at java.lang.Thread.run(Thread.java:748) [?:1.8.0_131]
[2017-06-12T11:36:08,547][INFO ][o.e.c.m.MetaDataUpdateSettingsService] [_h1h-U9] updating number_of_replicas to [0] for indices [recipescompletes]
[2017-06-12T11:36:16,417][INFO ][o.e.c.m.MetaDataUpdateSettingsService] [_h1h-U9] updating number_of_replicas to [1] for indices [recipescompletes]
[2017-06-12T11:38:51,163][DEBUG][o.e.a.a.i.s.p.TransportUpdateSettingsAction] [_h1h-U9] failed to update settings on indices [[[recipescompletes/mtNrYeAmS-Sz4d1AG5PeNA]]]
java.lang.IllegalArgumentException: Can't update non dynamic settings [[index.analysis.filter.edgeNGram_filter.max_gram, index.analysis.filter.edgeNGram_filter.min_gram, index.analysis.filter.edgeNGram_filter.side, index.analysis.filter.edgeNGram_filter.type]] for open indices [[recipescompletes/mtNrYeAmS-Sz4d1AG5PeNA]]
	at org.elasticsearch.cluster.metadata.MetaDataUpdateSettingsService$2.execute(MetaDataUpdateSettingsService.java:220) ~[elasticsearch-5.4.1.jar:5.4.1]
	at org.elasticsearch.cluster.ClusterStateUpdateTask.execute(ClusterStateUpdateTask.java:45) ~[elasticsearch-5.4.1.jar:5.4.1]
	at org.elasticsearch.cluster.service.ClusterService.executeTasks(ClusterService.java:633) ~[elasticsearch-5.4.1.jar:5.4.1]
	at org.elasticsearch.cluster.service.ClusterService.calculateTaskOutputs(ClusterService.java:611) ~[elasticsearch-5.4.1.jar:5.4.1]
	at org.elasticsearch.cluster.service.ClusterService.runTasks(ClusterService.java:570) [elasticsearch-5.4.1.jar:5.4.1]
	at org.elasticsearch.cluster.service.ClusterService$ClusterServiceTaskBatcher.run(ClusterService.java:262) [elasticsearch-5.4.1.jar:5.4.1]
	at org.elasticsearch.cluster.service.TaskBatcher.runIfNotProcessed(TaskBatcher.java:150) [elasticsearch-5.4.1.jar:5.4.1]
	at org.elasticsearch.cluster.service.TaskBatcher$BatchedTask.run(TaskBatcher.java:188) [elasticsearch-5.4.1.jar:5.4.1]
	at org.elasticsearch.common.util.concurrent.ThreadContext$ContextPreservingRunnable.run(ThreadContext.java:569) [elasticsearch-5.4.1.jar:5.4.1]
	at org.elasticsearch.common.util.concurrent.PrioritizedEsThreadPoolExecutor$TieBreakingPrioritizedRunnable.runAndClean(PrioritizedEsThreadPoolExecutor.java:247) [elasticsearch-5.4.1.jar:5.4.1]
	at org.elasticsearch.common.util.concurrent.PrioritizedEsThreadPoolExecutor$TieBreakingPrioritizedRunnable.run(PrioritizedEsThreadPoolExecutor.java:210) [elasticsearch-5.4.1.jar:5.4.1]
	at java.util.concurrent.ThreadPoolExecutor.runWorker(ThreadPoolExecutor.java:1142) [?:1.8.0_131]
	at java.util.concurrent.ThreadPoolExecutor$Worker.run(ThreadPoolExecutor.java:617) [?:1.8.0_131]
	at java.lang.Thread.run(Thread.java:748) [?:1.8.0_131]
[2017-06-12T11:40:47,613][DEBUG][o.e.a.a.i.s.p.TransportUpdateSettingsAction] [_h1h-U9] failed to update settings on indices [[[recipescompletes/mtNrYeAmS-Sz4d1AG5PeNA]]]
java.lang.IllegalArgumentException: Can't update non dynamic settings [[index.analysis.filter.edgeNGram_filter.max_gram, index.analysis.filter.edgeNGram_filter.min_gram, index.analysis.filter.edgeNGram_filter.side, index.analysis.filter.edgeNGram_filter.type]] for open indices [[recipescompletes/mtNrYeAmS-Sz4d1AG5PeNA]]
	at org.elasticsearch.cluster.metadata.MetaDataUpdateSettingsService$2.execute(MetaDataUpdateSettingsService.java:220) ~[elasticsearch-5.4.1.jar:5.4.1]
	at org.elasticsearch.cluster.ClusterStateUpdateTask.execute(ClusterStateUpdateTask.java:45) ~[elasticsearch-5.4.1.jar:5.4.1]
	at org.elasticsearch.cluster.service.ClusterService.executeTasks(ClusterService.java:633) ~[elasticsearch-5.4.1.jar:5.4.1]
	at org.elasticsearch.cluster.service.ClusterService.calculateTaskOutputs(ClusterService.java:611) ~[elasticsearch-5.4.1.jar:5.4.1]
	at org.elasticsearch.cluster.service.ClusterService.runTasks(ClusterService.java:570) [elasticsearch-5.4.1.jar:5.4.1]
	at org.elasticsearch.cluster.service.ClusterService$ClusterServiceTaskBatcher.run(ClusterService.java:262) [elasticsearch-5.4.1.jar:5.4.1]
	at org.elasticsearch.cluster.service.TaskBatcher.runIfNotProcessed(TaskBatcher.java:150) [elasticsearch-5.4.1.jar:5.4.1]
	at org.elasticsearch.cluster.service.TaskBatcher$BatchedTask.run(TaskBatcher.java:188) [elasticsearch-5.4.1.jar:5.4.1]
	at org.elasticsearch.common.util.concurrent.ThreadContext$ContextPreservingRunnable.run(ThreadContext.java:569) [elasticsearch-5.4.1.jar:5.4.1]
	at org.elasticsearch.common.util.concurrent.PrioritizedEsThreadPoolExecutor$TieBreakingPrioritizedRunnable.runAndClean(PrioritizedEsThreadPoolExecutor.java:247) [elasticsearch-5.4.1.jar:5.4.1]
	at org.elasticsearch.common.util.concurrent.PrioritizedEsThreadPoolExecutor$TieBreakingPrioritizedRunnable.run(PrioritizedEsThreadPoolExecutor.java:210) [elasticsearch-5.4.1.jar:5.4.1]
	at java.util.concurrent.ThreadPoolExecutor.runWorker(ThreadPoolExecutor.java:1142) [?:1.8.0_131]
	at java.util.concurrent.ThreadPoolExecutor$Worker.run(ThreadPoolExecutor.java:617) [?:1.8.0_131]
	at java.lang.Thread.run(Thread.java:748) [?:1.8.0_131]
[2017-06-12T12:14:23,235][INFO ][o.e.c.m.MetaDataDeleteIndexService] [_h1h-U9] [recipescompletes/mtNrYeAmS-Sz4d1AG5PeNA] deleting index
[2017-06-12T12:14:26,035][INFO ][o.e.c.m.MetaDataCreateIndexService] [_h1h-U9] [recipescompletes] creating index, cause [api], templates [], shards [4]/[0], mappings []
[2017-06-12T12:16:37,120][INFO ][o.e.c.m.MetaDataIndexStateService] [_h1h-U9] closing indices [[[recipescompletes/cd6JzVK1Qg2atssuvaTLXQ]]]
[2017-06-12T12:18:44,417][INFO ][o.e.c.m.MetaDataIndexStateService] [_h1h-U9] opening indices [[[recipescompletes/cd6JzVK1Qg2atssuvaTLXQ]]]
[2017-06-12T12:18:44,668][INFO ][o.e.c.r.a.AllocationService] [_h1h-U9] Cluster health status changed from [RED] to [YELLOW] (reason: [shards started [[recipescompletes][1], [recipescompletes][3]] ...]).
[2017-06-12T12:18:47,564][DEBUG][o.e.a.a.i.s.p.TransportUpdateSettingsAction] [_h1h-U9] failed to update settings on indices [[[recipescompletes/cd6JzVK1Qg2atssuvaTLXQ]]]
java.lang.IllegalArgumentException: Can't update non dynamic settings [[index.analysis.analyzer.full_name.filter.0, index.analysis.analyzer.full_name.filter.1, index.analysis.analyzer.full_name.filter.2, index.analysis.analyzer.full_name.tokenizer, index.analysis.analyzer.full_name.type]] for open indices [[recipescompletes/cd6JzVK1Qg2atssuvaTLXQ]]
	at org.elasticsearch.cluster.metadata.MetaDataUpdateSettingsService$2.execute(MetaDataUpdateSettingsService.java:220) ~[elasticsearch-5.4.1.jar:5.4.1]
	at org.elasticsearch.cluster.ClusterStateUpdateTask.execute(ClusterStateUpdateTask.java:45) ~[elasticsearch-5.4.1.jar:5.4.1]
	at org.elasticsearch.cluster.service.ClusterService.executeTasks(ClusterService.java:633) ~[elasticsearch-5.4.1.jar:5.4.1]
	at org.elasticsearch.cluster.service.ClusterService.calculateTaskOutputs(ClusterService.java:611) ~[elasticsearch-5.4.1.jar:5.4.1]
	at org.elasticsearch.cluster.service.ClusterService.runTasks(ClusterService.java:570) [elasticsearch-5.4.1.jar:5.4.1]
	at org.elasticsearch.cluster.service.ClusterService$ClusterServiceTaskBatcher.run(ClusterService.java:262) [elasticsearch-5.4.1.jar:5.4.1]
	at org.elasticsearch.cluster.service.TaskBatcher.runIfNotProcessed(TaskBatcher.java:150) [elasticsearch-5.4.1.jar:5.4.1]
	at org.elasticsearch.cluster.service.TaskBatcher$BatchedTask.run(TaskBatcher.java:188) [elasticsearch-5.4.1.jar:5.4.1]
	at org.elasticsearch.common.util.concurrent.ThreadContext$ContextPreservingRunnable.run(ThreadContext.java:569) [elasticsearch-5.4.1.jar:5.4.1]
	at org.elasticsearch.common.util.concurrent.PrioritizedEsThreadPoolExecutor$TieBreakingPrioritizedRunnable.runAndClean(PrioritizedEsThreadPoolExecutor.java:247) [elasticsearch-5.4.1.jar:5.4.1]
	at org.elasticsearch.common.util.concurrent.PrioritizedEsThreadPoolExecutor$TieBreakingPrioritizedRunnable.run(PrioritizedEsThreadPoolExecutor.java:210) [elasticsearch-5.4.1.jar:5.4.1]
	at java.util.concurrent.ThreadPoolExecutor.runWorker(ThreadPoolExecutor.java:1142) [?:1.8.0_131]
	at java.util.concurrent.ThreadPoolExecutor$Worker.run(ThreadPoolExecutor.java:617) [?:1.8.0_131]
	at java.lang.Thread.run(Thread.java:748) [?:1.8.0_131]
[2017-06-12T14:04:54,259][DEBUG][o.e.a.a.i.m.p.TransportPutMappingAction] [_h1h-U9] failed to put mappings on indices [[[recipes/-605TRzYTbCON8Vh3yYqqw]]], type [article]
org.elasticsearch.index.mapper.MapperParsingException: Root mapping definition has unsupported parameters:  [timers : {type=text}]
	at org.elasticsearch.index.mapper.DocumentMapperParser.checkNoRemainingFields(DocumentMapperParser.java:151) ~[elasticsearch-5.4.1.jar:5.4.1]
	at org.elasticsearch.index.mapper.DocumentMapperParser.parse(DocumentMapperParser.java:139) ~[elasticsearch-5.4.1.jar:5.4.1]
	at org.elasticsearch.index.mapper.DocumentMapperParser.parse(DocumentMapperParser.java:91) ~[elasticsearch-5.4.1.jar:5.4.1]
	at org.elasticsearch.index.mapper.MapperService.parse(MapperService.java:633) ~[elasticsearch-5.4.1.jar:5.4.1]
	at org.elasticsearch.cluster.metadata.MetaDataMappingService$PutMappingExecutor.applyRequest(MetaDataMappingService.java:264) ~[elasticsearch-5.4.1.jar:5.4.1]
	at org.elasticsearch.cluster.metadata.MetaDataMappingService$PutMappingExecutor.execute(MetaDataMappingService.java:230) ~[elasticsearch-5.4.1.jar:5.4.1]
	at org.elasticsearch.cluster.service.ClusterService.executeTasks(ClusterService.java:633) ~[elasticsearch-5.4.1.jar:5.4.1]
	at org.elasticsearch.cluster.service.ClusterService.calculateTaskOutputs(ClusterService.java:611) ~[elasticsearch-5.4.1.jar:5.4.1]
	at org.elasticsearch.cluster.service.ClusterService.runTasks(ClusterService.java:570) [elasticsearch-5.4.1.jar:5.4.1]
	at org.elasticsearch.cluster.service.ClusterService$ClusterServiceTaskBatcher.run(ClusterService.java:262) [elasticsearch-5.4.1.jar:5.4.1]
	at org.elasticsearch.cluster.service.TaskBatcher.runIfNotProcessed(TaskBatcher.java:150) [elasticsearch-5.4.1.jar:5.4.1]
	at org.elasticsearch.cluster.service.TaskBatcher$BatchedTask.run(TaskBatcher.java:188) [elasticsearch-5.4.1.jar:5.4.1]
	at org.elasticsearch.common.util.concurrent.ThreadContext$ContextPreservingRunnable.run(ThreadContext.java:569) [elasticsearch-5.4.1.jar:5.4.1]
	at org.elasticsearch.common.util.concurrent.PrioritizedEsThreadPoolExecutor$TieBreakingPrioritizedRunnable.runAndClean(PrioritizedEsThreadPoolExecutor.java:247) [elasticsearch-5.4.1.jar:5.4.1]
	at org.elasticsearch.common.util.concurrent.PrioritizedEsThreadPoolExecutor$TieBreakingPrioritizedRunnable.run(PrioritizedEsThreadPoolExecutor.java:210) [elasticsearch-5.4.1.jar:5.4.1]
	at java.util.concurrent.ThreadPoolExecutor.runWorker(ThreadPoolExecutor.java:1142) [?:1.8.0_131]
	at java.util.concurrent.ThreadPoolExecutor$Worker.run(ThreadPoolExecutor.java:617) [?:1.8.0_131]
	at java.lang.Thread.run(Thread.java:748) [?:1.8.0_131]
[2017-06-12T14:05:49,155][DEBUG][o.e.a.a.i.m.p.TransportPutMappingAction] [_h1h-U9] failed to put mappings on indices [[[recipes/-605TRzYTbCON8Vh3yYqqw]]], type [article]
org.elasticsearch.index.mapper.MapperParsingException: Root mapping definition has unsupported parameters:  [steps : {type=long}]
	at org.elasticsearch.index.mapper.DocumentMapperParser.checkNoRemainingFields(DocumentMapperParser.java:151) ~[elasticsearch-5.4.1.jar:5.4.1]
	at org.elasticsearch.index.mapper.DocumentMapperParser.parse(DocumentMapperParser.java:139) ~[elasticsearch-5.4.1.jar:5.4.1]
	at org.elasticsearch.index.mapper.DocumentMapperParser.parse(DocumentMapperParser.java:91) ~[elasticsearch-5.4.1.jar:5.4.1]
	at org.elasticsearch.index.mapper.MapperService.parse(MapperService.java:633) ~[elasticsearch-5.4.1.jar:5.4.1]
	at org.elasticsearch.cluster.metadata.MetaDataMappingService$PutMappingExecutor.applyRequest(MetaDataMappingService.java:264) ~[elasticsearch-5.4.1.jar:5.4.1]
	at org.elasticsearch.cluster.metadata.MetaDataMappingService$PutMappingExecutor.execute(MetaDataMappingService.java:230) ~[elasticsearch-5.4.1.jar:5.4.1]
	at org.elasticsearch.cluster.service.ClusterService.executeTasks(ClusterService.java:633) ~[elasticsearch-5.4.1.jar:5.4.1]
	at org.elasticsearch.cluster.service.ClusterService.calculateTaskOutputs(ClusterService.java:611) ~[elasticsearch-5.4.1.jar:5.4.1]
	at org.elasticsearch.cluster.service.ClusterService.runTasks(ClusterService.java:570) [elasticsearch-5.4.1.jar:5.4.1]
	at org.elasticsearch.cluster.service.ClusterService$ClusterServiceTaskBatcher.run(ClusterService.java:262) [elasticsearch-5.4.1.jar:5.4.1]
	at org.elasticsearch.cluster.service.TaskBatcher.runIfNotProcessed(TaskBatcher.java:150) [elasticsearch-5.4.1.jar:5.4.1]
	at org.elasticsearch.cluster.service.TaskBatcher$BatchedTask.run(TaskBatcher.java:188) [elasticsearch-5.4.1.jar:5.4.1]
	at org.elasticsearch.common.util.concurrent.ThreadContext$ContextPreservingRunnable.run(ThreadContext.java:569) [elasticsearch-5.4.1.jar:5.4.1]
	at org.elasticsearch.common.util.concurrent.PrioritizedEsThreadPoolExecutor$TieBreakingPrioritizedRunnable.runAndClean(PrioritizedEsThreadPoolExecutor.java:247) [elasticsearch-5.4.1.jar:5.4.1]
	at org.elasticsearch.common.util.concurrent.PrioritizedEsThreadPoolExecutor$TieBreakingPrioritizedRunnable.run(PrioritizedEsThreadPoolExecutor.java:210) [elasticsearch-5.4.1.jar:5.4.1]
	at java.util.concurrent.ThreadPoolExecutor.runWorker(ThreadPoolExecutor.java:1142) [?:1.8.0_131]
	at java.util.concurrent.ThreadPoolExecutor$Worker.run(ThreadPoolExecutor.java:617) [?:1.8.0_131]
	at java.lang.Thread.run(Thread.java:748) [?:1.8.0_131]
[2017-06-12T14:08:05,589][DEBUG][o.e.a.a.i.m.p.TransportPutMappingAction] [_h1h-U9] failed to put mappings on indices [[[recipes/-605TRzYTbCON8Vh3yYqqw]]], type [article]
org.elasticsearch.index.mapper.MapperParsingException: Root mapping definition has unsupported parameters:  [steps : {type=long}]
	at org.elasticsearch.index.mapper.DocumentMapperParser.checkNoRemainingFields(DocumentMapperParser.java:151) ~[elasticsearch-5.4.1.jar:5.4.1]
	at org.elasticsearch.index.mapper.DocumentMapperParser.parse(DocumentMapperParser.java:139) ~[elasticsearch-5.4.1.jar:5.4.1]
	at org.elasticsearch.index.mapper.DocumentMapperParser.parse(DocumentMapperParser.java:91) ~[elasticsearch-5.4.1.jar:5.4.1]
	at org.elasticsearch.index.mapper.MapperService.parse(MapperService.java:633) ~[elasticsearch-5.4.1.jar:5.4.1]
	at org.elasticsearch.cluster.metadata.MetaDataMappingService$PutMappingExecutor.applyRequest(MetaDataMappingService.java:264) ~[elasticsearch-5.4.1.jar:5.4.1]
	at org.elasticsearch.cluster.metadata.MetaDataMappingService$PutMappingExecutor.execute(MetaDataMappingService.java:230) ~[elasticsearch-5.4.1.jar:5.4.1]
	at org.elasticsearch.cluster.service.ClusterService.executeTasks(ClusterService.java:633) ~[elasticsearch-5.4.1.jar:5.4.1]
	at org.elasticsearch.cluster.service.ClusterService.calculateTaskOutputs(ClusterService.java:611) ~[elasticsearch-5.4.1.jar:5.4.1]
	at org.elasticsearch.cluster.service.ClusterService.runTasks(ClusterService.java:570) [elasticsearch-5.4.1.jar:5.4.1]
	at org.elasticsearch.cluster.service.ClusterService$ClusterServiceTaskBatcher.run(ClusterService.java:262) [elasticsearch-5.4.1.jar:5.4.1]
	at org.elasticsearch.cluster.service.TaskBatcher.runIfNotProcessed(TaskBatcher.java:150) [elasticsearch-5.4.1.jar:5.4.1]
	at org.elasticsearch.cluster.service.TaskBatcher$BatchedTask.run(TaskBatcher.java:188) [elasticsearch-5.4.1.jar:5.4.1]
	at org.elasticsearch.common.util.concurrent.ThreadContext$ContextPreservingRunnable.run(ThreadContext.java:569) [elasticsearch-5.4.1.jar:5.4.1]
	at org.elasticsearch.common.util.concurrent.PrioritizedEsThreadPoolExecutor$TieBreakingPrioritizedRunnable.runAndClean(PrioritizedEsThreadPoolExecutor.java:247) [elasticsearch-5.4.1.jar:5.4.1]
	at org.elasticsearch.common.util.concurrent.PrioritizedEsThreadPoolExecutor$TieBreakingPrioritizedRunnable.run(PrioritizedEsThreadPoolExecutor.java:210) [elasticsearch-5.4.1.jar:5.4.1]
	at java.util.concurrent.ThreadPoolExecutor.runWorker(ThreadPoolExecutor.java:1142) [?:1.8.0_131]
	at java.util.concurrent.ThreadPoolExecutor$Worker.run(ThreadPoolExecutor.java:617) [?:1.8.0_131]
	at java.lang.Thread.run(Thread.java:748) [?:1.8.0_131]
[2017-06-12T14:14:27,087][DEBUG][o.e.a.a.i.m.p.TransportPutMappingAction] [_h1h-U9] failed to put mappings on indices [[[recipes/-605TRzYTbCON8Vh3yYqqw]]], type [article]
org.elasticsearch.index.mapper.MapperParsingException: Root mapping definition has unsupported parameters:  [ingredients : {properties={name={type=long, fields={keyword={type=keyword, ignore_above=256}}}}}]
	at org.elasticsearch.index.mapper.DocumentMapperParser.checkNoRemainingFields(DocumentMapperParser.java:151) ~[elasticsearch-5.4.1.jar:5.4.1]
	at org.elasticsearch.index.mapper.DocumentMapperParser.parse(DocumentMapperParser.java:139) ~[elasticsearch-5.4.1.jar:5.4.1]
	at org.elasticsearch.index.mapper.DocumentMapperParser.parse(DocumentMapperParser.java:91) ~[elasticsearch-5.4.1.jar:5.4.1]
	at org.elasticsearch.index.mapper.MapperService.parse(MapperService.java:633) ~[elasticsearch-5.4.1.jar:5.4.1]
	at org.elasticsearch.cluster.metadata.MetaDataMappingService$PutMappingExecutor.applyRequest(MetaDataMappingService.java:264) ~[elasticsearch-5.4.1.jar:5.4.1]
	at org.elasticsearch.cluster.metadata.MetaDataMappingService$PutMappingExecutor.execute(MetaDataMappingService.java:230) ~[elasticsearch-5.4.1.jar:5.4.1]
	at org.elasticsearch.cluster.service.ClusterService.executeTasks(ClusterService.java:633) ~[elasticsearch-5.4.1.jar:5.4.1]
	at org.elasticsearch.cluster.service.ClusterService.calculateTaskOutputs(ClusterService.java:611) ~[elasticsearch-5.4.1.jar:5.4.1]
	at org.elasticsearch.cluster.service.ClusterService.runTasks(ClusterService.java:570) [elasticsearch-5.4.1.jar:5.4.1]
	at org.elasticsearch.cluster.service.ClusterService$ClusterServiceTaskBatcher.run(ClusterService.java:262) [elasticsearch-5.4.1.jar:5.4.1]
	at org.elasticsearch.cluster.service.TaskBatcher.runIfNotProcessed(TaskBatcher.java:150) [elasticsearch-5.4.1.jar:5.4.1]
	at org.elasticsearch.cluster.service.TaskBatcher$BatchedTask.run(TaskBatcher.java:188) [elasticsearch-5.4.1.jar:5.4.1]
	at org.elasticsearch.common.util.concurrent.ThreadContext$ContextPreservingRunnable.run(ThreadContext.java:569) [elasticsearch-5.4.1.jar:5.4.1]
	at org.elasticsearch.common.util.concurrent.PrioritizedEsThreadPoolExecutor$TieBreakingPrioritizedRunnable.runAndClean(PrioritizedEsThreadPoolExecutor.java:247) [elasticsearch-5.4.1.jar:5.4.1]
	at org.elasticsearch.common.util.concurrent.PrioritizedEsThreadPoolExecutor$TieBreakingPrioritizedRunnable.run(PrioritizedEsThreadPoolExecutor.java:210) [elasticsearch-5.4.1.jar:5.4.1]
	at java.util.concurrent.ThreadPoolExecutor.runWorker(ThreadPoolExecutor.java:1142) [?:1.8.0_131]
	at java.util.concurrent.ThreadPoolExecutor$Worker.run(ThreadPoolExecutor.java:617) [?:1.8.0_131]
	at java.lang.Thread.run(Thread.java:748) [?:1.8.0_131]
[2017-06-12T14:16:24,843][DEBUG][o.e.a.a.i.m.p.TransportPutMappingAction] [_h1h-U9] failed to put mappings on indices [[[recipes/-605TRzYTbCON8Vh3yYqqw]]], type [article]
org.elasticsearch.index.mapper.MapperParsingException: Root mapping definition has unsupported parameters:  [ingredients : {properties={name={type=text, fields={keyword={type=keyword, ignore_above=256}}}}}]
	at org.elasticsearch.index.mapper.DocumentMapperParser.checkNoRemainingFields(DocumentMapperParser.java:151) ~[elasticsearch-5.4.1.jar:5.4.1]
	at org.elasticsearch.index.mapper.DocumentMapperParser.parse(DocumentMapperParser.java:139) ~[elasticsearch-5.4.1.jar:5.4.1]
	at org.elasticsearch.index.mapper.DocumentMapperParser.parse(DocumentMapperParser.java:91) ~[elasticsearch-5.4.1.jar:5.4.1]
	at org.elasticsearch.index.mapper.MapperService.parse(MapperService.java:633) ~[elasticsearch-5.4.1.jar:5.4.1]
	at org.elasticsearch.cluster.metadata.MetaDataMappingService$PutMappingExecutor.applyRequest(MetaDataMappingService.java:264) ~[elasticsearch-5.4.1.jar:5.4.1]
	at org.elasticsearch.cluster.metadata.MetaDataMappingService$PutMappingExecutor.execute(MetaDataMappingService.java:230) ~[elasticsearch-5.4.1.jar:5.4.1]
	at org.elasticsearch.cluster.service.ClusterService.executeTasks(ClusterService.java:633) ~[elasticsearch-5.4.1.jar:5.4.1]
	at org.elasticsearch.cluster.service.ClusterService.calculateTaskOutputs(ClusterService.java:611) ~[elasticsearch-5.4.1.jar:5.4.1]
	at org.elasticsearch.cluster.service.ClusterService.runTasks(ClusterService.java:570) [elasticsearch-5.4.1.jar:5.4.1]
	at org.elasticsearch.cluster.service.ClusterService$ClusterServiceTaskBatcher.run(ClusterService.java:262) [elasticsearch-5.4.1.jar:5.4.1]
	at org.elasticsearch.cluster.service.TaskBatcher.runIfNotProcessed(TaskBatcher.java:150) [elasticsearch-5.4.1.jar:5.4.1]
	at org.elasticsearch.cluster.service.TaskBatcher$BatchedTask.run(TaskBatcher.java:188) [elasticsearch-5.4.1.jar:5.4.1]
	at org.elasticsearch.common.util.concurrent.ThreadContext$ContextPreservingRunnable.run(ThreadContext.java:569) [elasticsearch-5.4.1.jar:5.4.1]
	at org.elasticsearch.common.util.concurrent.PrioritizedEsThreadPoolExecutor$TieBreakingPrioritizedRunnable.runAndClean(PrioritizedEsThreadPoolExecutor.java:247) [elasticsearch-5.4.1.jar:5.4.1]
	at org.elasticsearch.common.util.concurrent.PrioritizedEsThreadPoolExecutor$TieBreakingPrioritizedRunnable.run(PrioritizedEsThreadPoolExecutor.java:210) [elasticsearch-5.4.1.jar:5.4.1]
	at java.util.concurrent.ThreadPoolExecutor.runWorker(ThreadPoolExecutor.java:1142) [?:1.8.0_131]
	at java.util.concurrent.ThreadPoolExecutor$Worker.run(ThreadPoolExecutor.java:617) [?:1.8.0_131]
	at java.lang.Thread.run(Thread.java:748) [?:1.8.0_131]
[2017-06-12T14:19:04,038][DEBUG][o.e.a.a.i.m.p.TransportPutMappingAction] [_h1h-U9] failed to put mappings on indices [[[recipes/-605TRzYTbCON8Vh3yYqqw]]], type [article]
java.lang.IllegalArgumentException: mapper [ingredients.name] of different type, current_type [text], merged_type [long]
	at org.elasticsearch.index.mapper.FieldMapper.doMerge(FieldMapper.java:347) ~[elasticsearch-5.4.1.jar:5.4.1]
	at org.elasticsearch.index.mapper.TextFieldMapper.doMerge(TextFieldMapper.java:404) ~[elasticsearch-5.4.1.jar:5.4.1]
	at org.elasticsearch.index.mapper.FieldMapper.merge(FieldMapper.java:333) ~[elasticsearch-5.4.1.jar:5.4.1]
	at org.elasticsearch.index.mapper.FieldMapper.merge(FieldMapper.java:49) ~[elasticsearch-5.4.1.jar:5.4.1]
	at org.elasticsearch.index.mapper.ObjectMapper.doMerge(ObjectMapper.java:447) ~[elasticsearch-5.4.1.jar:5.4.1]
	at org.elasticsearch.index.mapper.ObjectMapper.merge(ObjectMapper.java:419) ~[elasticsearch-5.4.1.jar:5.4.1]
	at org.elasticsearch.index.mapper.ObjectMapper.merge(ObjectMapper.java:45) ~[elasticsearch-5.4.1.jar:5.4.1]
	at org.elasticsearch.index.mapper.ObjectMapper.doMerge(ObjectMapper.java:447) ~[elasticsearch-5.4.1.jar:5.4.1]
	at org.elasticsearch.index.mapper.RootObjectMapper.doMerge(RootObjectMapper.java:248) ~[elasticsearch-5.4.1.jar:5.4.1]
	at org.elasticsearch.index.mapper.ObjectMapper.merge(ObjectMapper.java:419) ~[elasticsearch-5.4.1.jar:5.4.1]
	at org.elasticsearch.index.mapper.RootObjectMapper.merge(RootObjectMapper.java:243) ~[elasticsearch-5.4.1.jar:5.4.1]
	at org.elasticsearch.index.mapper.Mapping.merge(Mapping.java:88) ~[elasticsearch-5.4.1.jar:5.4.1]
	at org.elasticsearch.index.mapper.DocumentMapper.merge(DocumentMapper.java:335) ~[elasticsearch-5.4.1.jar:5.4.1]
	at org.elasticsearch.cluster.metadata.MetaDataMappingService$PutMappingExecutor.applyRequest(MetaDataMappingService.java:267) ~[elasticsearch-5.4.1.jar:5.4.1]
	at org.elasticsearch.cluster.metadata.MetaDataMappingService$PutMappingExecutor.execute(MetaDataMappingService.java:230) ~[elasticsearch-5.4.1.jar:5.4.1]
	at org.elasticsearch.cluster.service.ClusterService.executeTasks(ClusterService.java:633) ~[elasticsearch-5.4.1.jar:5.4.1]
	at org.elasticsearch.cluster.service.ClusterService.calculateTaskOutputs(ClusterService.java:611) ~[elasticsearch-5.4.1.jar:5.4.1]
	at org.elasticsearch.cluster.service.ClusterService.runTasks(ClusterService.java:570) [elasticsearch-5.4.1.jar:5.4.1]
	at org.elasticsearch.cluster.service.ClusterService$ClusterServiceTaskBatcher.run(ClusterService.java:262) [elasticsearch-5.4.1.jar:5.4.1]
	at org.elasticsearch.cluster.service.TaskBatcher.runIfNotProcessed(TaskBatcher.java:150) [elasticsearch-5.4.1.jar:5.4.1]
	at org.elasticsearch.cluster.service.TaskBatcher$BatchedTask.run(TaskBatcher.java:188) [elasticsearch-5.4.1.jar:5.4.1]
	at org.elasticsearch.common.util.concurrent.ThreadContext$ContextPreservingRunnable.run(ThreadContext.java:569) [elasticsearch-5.4.1.jar:5.4.1]
	at org.elasticsearch.common.util.concurrent.PrioritizedEsThreadPoolExecutor$TieBreakingPrioritizedRunnable.runAndClean(PrioritizedEsThreadPoolExecutor.java:247) [elasticsearch-5.4.1.jar:5.4.1]
	at org.elasticsearch.common.util.concurrent.PrioritizedEsThreadPoolExecutor$TieBreakingPrioritizedRunnable.run(PrioritizedEsThreadPoolExecutor.java:210) [elasticsearch-5.4.1.jar:5.4.1]
	at java.util.concurrent.ThreadPoolExecutor.runWorker(ThreadPoolExecutor.java:1142) [?:1.8.0_131]
	at java.util.concurrent.ThreadPoolExecutor$Worker.run(ThreadPoolExecutor.java:617) [?:1.8.0_131]
	at java.lang.Thread.run(Thread.java:748) [?:1.8.0_131]
[2017-06-12T14:20:10,711][DEBUG][o.e.a.a.i.m.p.TransportPutMappingAction] [_h1h-U9] failed to put mappings on indices [[[recipes/-605TRzYTbCON8Vh3yYqqw]]], type [article]
java.lang.IllegalArgumentException: mapper [ingredients.name] of different type, current_type [text], merged_type [long]
	at org.elasticsearch.index.mapper.FieldMapper.doMerge(FieldMapper.java:347) ~[elasticsearch-5.4.1.jar:5.4.1]
	at org.elasticsearch.index.mapper.TextFieldMapper.doMerge(TextFieldMapper.java:404) ~[elasticsearch-5.4.1.jar:5.4.1]
	at org.elasticsearch.index.mapper.FieldMapper.merge(FieldMapper.java:333) ~[elasticsearch-5.4.1.jar:5.4.1]
	at org.elasticsearch.index.mapper.FieldMapper.merge(FieldMapper.java:49) ~[elasticsearch-5.4.1.jar:5.4.1]
	at org.elasticsearch.index.mapper.ObjectMapper.doMerge(ObjectMapper.java:447) ~[elasticsearch-5.4.1.jar:5.4.1]
	at org.elasticsearch.index.mapper.ObjectMapper.merge(ObjectMapper.java:419) ~[elasticsearch-5.4.1.jar:5.4.1]
	at org.elasticsearch.index.mapper.ObjectMapper.merge(ObjectMapper.java:45) ~[elasticsearch-5.4.1.jar:5.4.1]
	at org.elasticsearch.index.mapper.ObjectMapper.doMerge(ObjectMapper.java:447) ~[elasticsearch-5.4.1.jar:5.4.1]
	at org.elasticsearch.index.mapper.RootObjectMapper.doMerge(RootObjectMapper.java:248) ~[elasticsearch-5.4.1.jar:5.4.1]
	at org.elasticsearch.index.mapper.ObjectMapper.merge(ObjectMapper.java:419) ~[elasticsearch-5.4.1.jar:5.4.1]
	at org.elasticsearch.index.mapper.RootObjectMapper.merge(RootObjectMapper.java:243) ~[elasticsearch-5.4.1.jar:5.4.1]
	at org.elasticsearch.index.mapper.Mapping.merge(Mapping.java:88) ~[elasticsearch-5.4.1.jar:5.4.1]
	at org.elasticsearch.index.mapper.DocumentMapper.merge(DocumentMapper.java:335) ~[elasticsearch-5.4.1.jar:5.4.1]
	at org.elasticsearch.cluster.metadata.MetaDataMappingService$PutMappingExecutor.applyRequest(MetaDataMappingService.java:267) ~[elasticsearch-5.4.1.jar:5.4.1]
	at org.elasticsearch.cluster.metadata.MetaDataMappingService$PutMappingExecutor.execute(MetaDataMappingService.java:230) ~[elasticsearch-5.4.1.jar:5.4.1]
	at org.elasticsearch.cluster.service.ClusterService.executeTasks(ClusterService.java:633) ~[elasticsearch-5.4.1.jar:5.4.1]
	at org.elasticsearch.cluster.service.ClusterService.calculateTaskOutputs(ClusterService.java:611) ~[elasticsearch-5.4.1.jar:5.4.1]
	at org.elasticsearch.cluster.service.ClusterService.runTasks(ClusterService.java:570) [elasticsearch-5.4.1.jar:5.4.1]
	at org.elasticsearch.cluster.service.ClusterService$ClusterServiceTaskBatcher.run(ClusterService.java:262) [elasticsearch-5.4.1.jar:5.4.1]
	at org.elasticsearch.cluster.service.TaskBatcher.runIfNotProcessed(TaskBatcher.java:150) [elasticsearch-5.4.1.jar:5.4.1]
	at org.elasticsearch.cluster.service.TaskBatcher$BatchedTask.run(TaskBatcher.java:188) [elasticsearch-5.4.1.jar:5.4.1]
	at org.elasticsearch.common.util.concurrent.ThreadContext$ContextPreservingRunnable.run(ThreadContext.java:569) [elasticsearch-5.4.1.jar:5.4.1]
	at org.elasticsearch.common.util.concurrent.PrioritizedEsThreadPoolExecutor$TieBreakingPrioritizedRunnable.runAndClean(PrioritizedEsThreadPoolExecutor.java:247) [elasticsearch-5.4.1.jar:5.4.1]
	at org.elasticsearch.common.util.concurrent.PrioritizedEsThreadPoolExecutor$TieBreakingPrioritizedRunnable.run(PrioritizedEsThreadPoolExecutor.java:210) [elasticsearch-5.4.1.jar:5.4.1]
	at java.util.concurrent.ThreadPoolExecutor.runWorker(ThreadPoolExecutor.java:1142) [?:1.8.0_131]
	at java.util.concurrent.ThreadPoolExecutor$Worker.run(ThreadPoolExecutor.java:617) [?:1.8.0_131]
	at java.lang.Thread.run(Thread.java:748) [?:1.8.0_131]
[2017-06-12T14:20:26,274][INFO ][o.e.c.m.MetaDataMappingService] [_h1h-U9] [recipes/-605TRzYTbCON8Vh3yYqqw] update_mapping [article]
[2017-06-12T14:33:43,329][DEBUG][o.e.a.a.i.m.p.TransportPutMappingAction] [_h1h-U9] failed to put mappings on indices [[[recipes/-605TRzYTbCON8Vh3yYqqw]]], type [article]
org.elasticsearch.index.mapper.MapperParsingException: analyzer [whitespace_analyzer] not found for field [_all]
	at org.elasticsearch.index.mapper.TypeParsers.parseAnalyzersAndTermVectors(TypeParsers.java:127) ~[elasticsearch-5.4.1.jar:5.4.1]
	at org.elasticsearch.index.mapper.TypeParsers.parseTextField(TypeParsers.java:209) ~[elasticsearch-5.4.1.jar:5.4.1]
	at org.elasticsearch.index.mapper.AllFieldMapper$TypeParser.parse(AllFieldMapper.java:132) ~[elasticsearch-5.4.1.jar:5.4.1]
	at org.elasticsearch.index.mapper.DocumentMapperParser.parse(DocumentMapperParser.java:126) ~[elasticsearch-5.4.1.jar:5.4.1]
	at org.elasticsearch.index.mapper.DocumentMapperParser.parse(DocumentMapperParser.java:91) ~[elasticsearch-5.4.1.jar:5.4.1]
	at org.elasticsearch.index.mapper.MapperService.parse(MapperService.java:633) ~[elasticsearch-5.4.1.jar:5.4.1]
	at org.elasticsearch.cluster.metadata.MetaDataMappingService$PutMappingExecutor.applyRequest(MetaDataMappingService.java:264) ~[elasticsearch-5.4.1.jar:5.4.1]
	at org.elasticsearch.cluster.metadata.MetaDataMappingService$PutMappingExecutor.execute(MetaDataMappingService.java:230) ~[elasticsearch-5.4.1.jar:5.4.1]
	at org.elasticsearch.cluster.service.ClusterService.executeTasks(ClusterService.java:633) ~[elasticsearch-5.4.1.jar:5.4.1]
	at org.elasticsearch.cluster.service.ClusterService.calculateTaskOutputs(ClusterService.java:611) ~[elasticsearch-5.4.1.jar:5.4.1]
	at org.elasticsearch.cluster.service.ClusterService.runTasks(ClusterService.java:570) [elasticsearch-5.4.1.jar:5.4.1]
	at org.elasticsearch.cluster.service.ClusterService$ClusterServiceTaskBatcher.run(ClusterService.java:262) [elasticsearch-5.4.1.jar:5.4.1]
	at org.elasticsearch.cluster.service.TaskBatcher.runIfNotProcessed(TaskBatcher.java:150) [elasticsearch-5.4.1.jar:5.4.1]
	at org.elasticsearch.cluster.service.TaskBatcher$BatchedTask.run(TaskBatcher.java:188) [elasticsearch-5.4.1.jar:5.4.1]
	at org.elasticsearch.common.util.concurrent.ThreadContext$ContextPreservingRunnable.run(ThreadContext.java:569) [elasticsearch-5.4.1.jar:5.4.1]
	at org.elasticsearch.common.util.concurrent.PrioritizedEsThreadPoolExecutor$TieBreakingPrioritizedRunnable.runAndClean(PrioritizedEsThreadPoolExecutor.java:247) [elasticsearch-5.4.1.jar:5.4.1]
	at org.elasticsearch.common.util.concurrent.PrioritizedEsThreadPoolExecutor$TieBreakingPrioritizedRunnable.run(PrioritizedEsThreadPoolExecutor.java:210) [elasticsearch-5.4.1.jar:5.4.1]
	at java.util.concurrent.ThreadPoolExecutor.runWorker(ThreadPoolExecutor.java:1142) [?:1.8.0_131]
	at java.util.concurrent.ThreadPoolExecutor$Worker.run(ThreadPoolExecutor.java:617) [?:1.8.0_131]
	at java.lang.Thread.run(Thread.java:748) [?:1.8.0_131]
[2017-06-12T14:51:43,059][DEBUG][o.e.a.a.i.m.p.TransportPutMappingAction] [_h1h-U9] failed to put mappings on indices [[[products/-zqj3upVQAKXNZawlbhVwg]]], type [product]
org.elasticsearch.index.mapper.MapperParsingException: analyzer on field [_all] must be set when search_analyzer is set
	at org.elasticsearch.index.mapper.TypeParsers.parseAnalyzersAndTermVectors(TypeParsers.java:142) ~[elasticsearch-5.4.1.jar:5.4.1]
	at org.elasticsearch.index.mapper.TypeParsers.parseTextField(TypeParsers.java:209) ~[elasticsearch-5.4.1.jar:5.4.1]
	at org.elasticsearch.index.mapper.AllFieldMapper$TypeParser.parse(AllFieldMapper.java:132) ~[elasticsearch-5.4.1.jar:5.4.1]
	at org.elasticsearch.index.mapper.DocumentMapperParser.parse(DocumentMapperParser.java:126) ~[elasticsearch-5.4.1.jar:5.4.1]
	at org.elasticsearch.index.mapper.DocumentMapperParser.parse(DocumentMapperParser.java:91) ~[elasticsearch-5.4.1.jar:5.4.1]
	at org.elasticsearch.index.mapper.MapperService.parse(MapperService.java:633) ~[elasticsearch-5.4.1.jar:5.4.1]
	at org.elasticsearch.cluster.metadata.MetaDataMappingService$PutMappingExecutor.applyRequest(MetaDataMappingService.java:264) ~[elasticsearch-5.4.1.jar:5.4.1]
	at org.elasticsearch.cluster.metadata.MetaDataMappingService$PutMappingExecutor.execute(MetaDataMappingService.java:230) ~[elasticsearch-5.4.1.jar:5.4.1]
	at org.elasticsearch.cluster.service.ClusterService.executeTasks(ClusterService.java:633) ~[elasticsearch-5.4.1.jar:5.4.1]
	at org.elasticsearch.cluster.service.ClusterService.calculateTaskOutputs(ClusterService.java:611) ~[elasticsearch-5.4.1.jar:5.4.1]
	at org.elasticsearch.cluster.service.ClusterService.runTasks(ClusterService.java:570) [elasticsearch-5.4.1.jar:5.4.1]
	at org.elasticsearch.cluster.service.ClusterService$ClusterServiceTaskBatcher.run(ClusterService.java:262) [elasticsearch-5.4.1.jar:5.4.1]
	at org.elasticsearch.cluster.service.TaskBatcher.runIfNotProcessed(TaskBatcher.java:150) [elasticsearch-5.4.1.jar:5.4.1]
	at org.elasticsearch.cluster.service.TaskBatcher$BatchedTask.run(TaskBatcher.java:188) [elasticsearch-5.4.1.jar:5.4.1]
	at org.elasticsearch.common.util.concurrent.ThreadContext$ContextPreservingRunnable.run(ThreadContext.java:569) [elasticsearch-5.4.1.jar:5.4.1]
	at org.elasticsearch.common.util.concurrent.PrioritizedEsThreadPoolExecutor$TieBreakingPrioritizedRunnable.runAndClean(PrioritizedEsThreadPoolExecutor.java:247) [elasticsearch-5.4.1.jar:5.4.1]
	at org.elasticsearch.common.util.concurrent.PrioritizedEsThreadPoolExecutor$TieBreakingPrioritizedRunnable.run(PrioritizedEsThreadPoolExecutor.java:210) [elasticsearch-5.4.1.jar:5.4.1]
	at java.util.concurrent.ThreadPoolExecutor.runWorker(ThreadPoolExecutor.java:1142) [?:1.8.0_131]
	at java.util.concurrent.ThreadPoolExecutor$Worker.run(ThreadPoolExecutor.java:617) [?:1.8.0_131]
	at java.lang.Thread.run(Thread.java:748) [?:1.8.0_131]
[2017-06-12T14:58:24,905][DEBUG][o.e.a.a.i.m.p.TransportPutMappingAction] [_h1h-U9] failed to put mappings on indices [[[products/-zqj3upVQAKXNZawlbhVwg]]], type [product]
org.elasticsearch.index.mapper.MapperParsingException: analyzer [nGram_analyzer] not found for field [_all]
	at org.elasticsearch.index.mapper.TypeParsers.parseAnalyzersAndTermVectors(TypeParsers.java:120) ~[elasticsearch-5.4.1.jar:5.4.1]
	at org.elasticsearch.index.mapper.TypeParsers.parseTextField(TypeParsers.java:209) ~[elasticsearch-5.4.1.jar:5.4.1]
	at org.elasticsearch.index.mapper.AllFieldMapper$TypeParser.parse(AllFieldMapper.java:132) ~[elasticsearch-5.4.1.jar:5.4.1]
	at org.elasticsearch.index.mapper.DocumentMapperParser.parse(DocumentMapperParser.java:126) ~[elasticsearch-5.4.1.jar:5.4.1]
	at org.elasticsearch.index.mapper.DocumentMapperParser.parse(DocumentMapperParser.java:91) ~[elasticsearch-5.4.1.jar:5.4.1]
	at org.elasticsearch.index.mapper.MapperService.parse(MapperService.java:633) ~[elasticsearch-5.4.1.jar:5.4.1]
	at org.elasticsearch.cluster.metadata.MetaDataMappingService$PutMappingExecutor.applyRequest(MetaDataMappingService.java:264) ~[elasticsearch-5.4.1.jar:5.4.1]
	at org.elasticsearch.cluster.metadata.MetaDataMappingService$PutMappingExecutor.execute(MetaDataMappingService.java:230) ~[elasticsearch-5.4.1.jar:5.4.1]
	at org.elasticsearch.cluster.service.ClusterService.executeTasks(ClusterService.java:633) ~[elasticsearch-5.4.1.jar:5.4.1]
	at org.elasticsearch.cluster.service.ClusterService.calculateTaskOutputs(ClusterService.java:611) ~[elasticsearch-5.4.1.jar:5.4.1]
	at org.elasticsearch.cluster.service.ClusterService.runTasks(ClusterService.java:570) [elasticsearch-5.4.1.jar:5.4.1]
	at org.elasticsearch.cluster.service.ClusterService$ClusterServiceTaskBatcher.run(ClusterService.java:262) [elasticsearch-5.4.1.jar:5.4.1]
	at org.elasticsearch.cluster.service.TaskBatcher.runIfNotProcessed(TaskBatcher.java:150) [elasticsearch-5.4.1.jar:5.4.1]
	at org.elasticsearch.cluster.service.TaskBatcher$BatchedTask.run(TaskBatcher.java:188) [elasticsearch-5.4.1.jar:5.4.1]
	at org.elasticsearch.common.util.concurrent.ThreadContext$ContextPreservingRunnable.run(ThreadContext.java:569) [elasticsearch-5.4.1.jar:5.4.1]
	at org.elasticsearch.common.util.concurrent.PrioritizedEsThreadPoolExecutor$TieBreakingPrioritizedRunnable.runAndClean(PrioritizedEsThreadPoolExecutor.java:247) [elasticsearch-5.4.1.jar:5.4.1]
	at org.elasticsearch.common.util.concurrent.PrioritizedEsThreadPoolExecutor$TieBreakingPrioritizedRunnable.run(PrioritizedEsThreadPoolExecutor.java:210) [elasticsearch-5.4.1.jar:5.4.1]
	at java.util.concurrent.ThreadPoolExecutor.runWorker(ThreadPoolExecutor.java:1142) [?:1.8.0_131]
	at java.util.concurrent.ThreadPoolExecutor$Worker.run(ThreadPoolExecutor.java:617) [?:1.8.0_131]
	at java.lang.Thread.run(Thread.java:748) [?:1.8.0_131]
[2017-06-12T15:18:34,060][DEBUG][o.e.a.a.i.m.p.TransportPutMappingAction] [_h1h-U9] failed to put mappings on indices [[[products/-zqj3upVQAKXNZawlbhVwg]]], type [product]
org.elasticsearch.index.mapper.MapperParsingException: analyzer [nGram_analyzer] not found for field [_all]
	at org.elasticsearch.index.mapper.TypeParsers.parseAnalyzersAndTermVectors(TypeParsers.java:120) ~[elasticsearch-5.4.1.jar:5.4.1]
	at org.elasticsearch.index.mapper.TypeParsers.parseTextField(TypeParsers.java:209) ~[elasticsearch-5.4.1.jar:5.4.1]
	at org.elasticsearch.index.mapper.AllFieldMapper$TypeParser.parse(AllFieldMapper.java:132) ~[elasticsearch-5.4.1.jar:5.4.1]
	at org.elasticsearch.index.mapper.DocumentMapperParser.parse(DocumentMapperParser.java:126) ~[elasticsearch-5.4.1.jar:5.4.1]
	at org.elasticsearch.index.mapper.DocumentMapperParser.parse(DocumentMapperParser.java:91) ~[elasticsearch-5.4.1.jar:5.4.1]
	at org.elasticsearch.index.mapper.MapperService.parse(MapperService.java:633) ~[elasticsearch-5.4.1.jar:5.4.1]
	at org.elasticsearch.cluster.metadata.MetaDataMappingService$PutMappingExecutor.applyRequest(MetaDataMappingService.java:264) ~[elasticsearch-5.4.1.jar:5.4.1]
	at org.elasticsearch.cluster.metadata.MetaDataMappingService$PutMappingExecutor.execute(MetaDataMappingService.java:230) ~[elasticsearch-5.4.1.jar:5.4.1]
	at org.elasticsearch.cluster.service.ClusterService.executeTasks(ClusterService.java:633) ~[elasticsearch-5.4.1.jar:5.4.1]
	at org.elasticsearch.cluster.service.ClusterService.calculateTaskOutputs(ClusterService.java:611) ~[elasticsearch-5.4.1.jar:5.4.1]
	at org.elasticsearch.cluster.service.ClusterService.runTasks(ClusterService.java:570) [elasticsearch-5.4.1.jar:5.4.1]
	at org.elasticsearch.cluster.service.ClusterService$ClusterServiceTaskBatcher.run(ClusterService.java:262) [elasticsearch-5.4.1.jar:5.4.1]
	at org.elasticsearch.cluster.service.TaskBatcher.runIfNotProcessed(TaskBatcher.java:150) [elasticsearch-5.4.1.jar:5.4.1]
	at org.elasticsearch.cluster.service.TaskBatcher$BatchedTask.run(TaskBatcher.java:188) [elasticsearch-5.4.1.jar:5.4.1]
	at org.elasticsearch.common.util.concurrent.ThreadContext$ContextPreservingRunnable.run(ThreadContext.java:569) [elasticsearch-5.4.1.jar:5.4.1]
	at org.elasticsearch.common.util.concurrent.PrioritizedEsThreadPoolExecutor$TieBreakingPrioritizedRunnable.runAndClean(PrioritizedEsThreadPoolExecutor.java:247) [elasticsearch-5.4.1.jar:5.4.1]
	at org.elasticsearch.common.util.concurrent.PrioritizedEsThreadPoolExecutor$TieBreakingPrioritizedRunnable.run(PrioritizedEsThreadPoolExecutor.java:210) [elasticsearch-5.4.1.jar:5.4.1]
	at java.util.concurrent.ThreadPoolExecutor.runWorker(ThreadPoolExecutor.java:1142) [?:1.8.0_131]
	at java.util.concurrent.ThreadPoolExecutor$Worker.run(ThreadPoolExecutor.java:617) [?:1.8.0_131]
	at java.lang.Thread.run(Thread.java:748) [?:1.8.0_131]
[2017-06-12T15:19:18,755][INFO ][o.e.c.m.MetaDataMappingService] [_h1h-U9] [products/-zqj3upVQAKXNZawlbhVwg] create_mapping [product]
[2017-06-12T15:20:02,013][DEBUG][o.e.a.a.i.m.p.TransportPutMappingAction] [_h1h-U9] failed to put mappings on indices [[[products/-zqj3upVQAKXNZawlbhVwg]]], type [product]
java.lang.IllegalArgumentException: mapper [_all] enabled is false now encountering true
	at org.elasticsearch.index.mapper.AllFieldMapper.doMerge(AllFieldMapper.java:295) ~[elasticsearch-5.4.1.jar:5.4.1]
	at org.elasticsearch.index.mapper.FieldMapper.merge(FieldMapper.java:333) ~[elasticsearch-5.4.1.jar:5.4.1]
	at org.elasticsearch.index.mapper.MetadataFieldMapper.merge(MetadataFieldMapper.java:73) ~[elasticsearch-5.4.1.jar:5.4.1]
	at org.elasticsearch.index.mapper.Mapping.merge(Mapping.java:96) ~[elasticsearch-5.4.1.jar:5.4.1]
	at org.elasticsearch.index.mapper.DocumentMapper.merge(DocumentMapper.java:335) ~[elasticsearch-5.4.1.jar:5.4.1]
	at org.elasticsearch.cluster.metadata.MetaDataMappingService$PutMappingExecutor.applyRequest(MetaDataMappingService.java:267) ~[elasticsearch-5.4.1.jar:5.4.1]
	at org.elasticsearch.cluster.metadata.MetaDataMappingService$PutMappingExecutor.execute(MetaDataMappingService.java:230) ~[elasticsearch-5.4.1.jar:5.4.1]
	at org.elasticsearch.cluster.service.ClusterService.executeTasks(ClusterService.java:633) ~[elasticsearch-5.4.1.jar:5.4.1]
	at org.elasticsearch.cluster.service.ClusterService.calculateTaskOutputs(ClusterService.java:611) ~[elasticsearch-5.4.1.jar:5.4.1]
	at org.elasticsearch.cluster.service.ClusterService.runTasks(ClusterService.java:570) [elasticsearch-5.4.1.jar:5.4.1]
	at org.elasticsearch.cluster.service.ClusterService$ClusterServiceTaskBatcher.run(ClusterService.java:262) [elasticsearch-5.4.1.jar:5.4.1]
	at org.elasticsearch.cluster.service.TaskBatcher.runIfNotProcessed(TaskBatcher.java:150) [elasticsearch-5.4.1.jar:5.4.1]
	at org.elasticsearch.cluster.service.TaskBatcher$BatchedTask.run(TaskBatcher.java:188) [elasticsearch-5.4.1.jar:5.4.1]
	at org.elasticsearch.common.util.concurrent.ThreadContext$ContextPreservingRunnable.run(ThreadContext.java:569) [elasticsearch-5.4.1.jar:5.4.1]
	at org.elasticsearch.common.util.concurrent.PrioritizedEsThreadPoolExecutor$TieBreakingPrioritizedRunnable.runAndClean(PrioritizedEsThreadPoolExecutor.java:247) [elasticsearch-5.4.1.jar:5.4.1]
	at org.elasticsearch.common.util.concurrent.PrioritizedEsThreadPoolExecutor$TieBreakingPrioritizedRunnable.run(PrioritizedEsThreadPoolExecutor.java:210) [elasticsearch-5.4.1.jar:5.4.1]
	at java.util.concurrent.ThreadPoolExecutor.runWorker(ThreadPoolExecutor.java:1142) [?:1.8.0_131]
	at java.util.concurrent.ThreadPoolExecutor$Worker.run(ThreadPoolExecutor.java:617) [?:1.8.0_131]
	at java.lang.Thread.run(Thread.java:748) [?:1.8.0_131]
[2017-06-12T15:44:58,446][INFO ][o.e.c.m.MetaDataCreateIndexService] [_h1h-U9] [fruits] creating index, cause [api], templates [], shards [5]/[1], mappings []
[2017-06-12T15:47:01,925][DEBUG][o.e.a.a.i.s.p.TransportUpdateSettingsAction] [_h1h-U9] failed to update settings on indices [[[fruits/WMF1JNseQIiG-3U76MF47A]]]
java.lang.IllegalArgumentException: Can't update non dynamic settings [[index.analysis.analyzer.autocomplete.filter.0, index.analysis.analyzer.autocomplete.filter.1, index.analysis.analyzer.autocomplete.tokenizer, index.analysis.analyzer.autocomplete.type, index.analysis.filter.autocomplete_filter.max_gram, index.analysis.filter.autocomplete_filter.min_gram, index.analysis.filter.autocomplete_filter.type]] for open indices [[fruits/WMF1JNseQIiG-3U76MF47A]]
	at org.elasticsearch.cluster.metadata.MetaDataUpdateSettingsService$2.execute(MetaDataUpdateSettingsService.java:220) ~[elasticsearch-5.4.1.jar:5.4.1]
	at org.elasticsearch.cluster.ClusterStateUpdateTask.execute(ClusterStateUpdateTask.java:45) ~[elasticsearch-5.4.1.jar:5.4.1]
	at org.elasticsearch.cluster.service.ClusterService.executeTasks(ClusterService.java:633) ~[elasticsearch-5.4.1.jar:5.4.1]
	at org.elasticsearch.cluster.service.ClusterService.calculateTaskOutputs(ClusterService.java:611) ~[elasticsearch-5.4.1.jar:5.4.1]
	at org.elasticsearch.cluster.service.ClusterService.runTasks(ClusterService.java:570) [elasticsearch-5.4.1.jar:5.4.1]
	at org.elasticsearch.cluster.service.ClusterService$ClusterServiceTaskBatcher.run(ClusterService.java:262) [elasticsearch-5.4.1.jar:5.4.1]
	at org.elasticsearch.cluster.service.TaskBatcher.runIfNotProcessed(TaskBatcher.java:150) [elasticsearch-5.4.1.jar:5.4.1]
	at org.elasticsearch.cluster.service.TaskBatcher$BatchedTask.run(TaskBatcher.java:188) [elasticsearch-5.4.1.jar:5.4.1]
	at org.elasticsearch.common.util.concurrent.ThreadContext$ContextPreservingRunnable.run(ThreadContext.java:569) [elasticsearch-5.4.1.jar:5.4.1]
	at org.elasticsearch.common.util.concurrent.PrioritizedEsThreadPoolExecutor$TieBreakingPrioritizedRunnable.runAndClean(PrioritizedEsThreadPoolExecutor.java:247) [elasticsearch-5.4.1.jar:5.4.1]
	at org.elasticsearch.common.util.concurrent.PrioritizedEsThreadPoolExecutor$TieBreakingPrioritizedRunnable.run(PrioritizedEsThreadPoolExecutor.java:210) [elasticsearch-5.4.1.jar:5.4.1]
	at java.util.concurrent.ThreadPoolExecutor.runWorker(ThreadPoolExecutor.java:1142) [?:1.8.0_131]
	at java.util.concurrent.ThreadPoolExecutor$Worker.run(ThreadPoolExecutor.java:617) [?:1.8.0_131]
	at java.lang.Thread.run(Thread.java:748) [?:1.8.0_131]
[2017-06-12T15:47:58,952][INFO ][o.e.c.m.MetaDataIndexStateService] [_h1h-U9] closing indices [[[fruits/WMF1JNseQIiG-3U76MF47A]]]
[2017-06-12T15:48:06,327][INFO ][o.e.c.m.MetaDataIndexStateService] [_h1h-U9] opening indices [[[fruits/WMF1JNseQIiG-3U76MF47A]]]
[2017-06-12T15:48:06,489][INFO ][o.e.c.r.a.AllocationService] [_h1h-U9] Cluster health status changed from [RED] to [YELLOW] (reason: [shards started [[fruits][1]] ...]).
[2017-06-12T15:56:55,048][INFO ][o.e.c.m.MetaDataMappingService] [_h1h-U9] [fruits/WMF1JNseQIiG-3U76MF47A] create_mapping [item]
[2017-06-12T15:59:36,405][DEBUG][o.e.a.a.i.m.p.TransportPutMappingAction] [_h1h-U9] failed to put mappings on indices [[[fruits/WMF1JNseQIiG-3U76MF47A]]], type [item]
org.elasticsearch.index.mapper.MapperParsingException: Mapping definition for [text] has unsupported parameters:  [analyzer : autocomplete] [search_analyzer : standard]
	at org.elasticsearch.index.mapper.DocumentMapperParser.checkNoRemainingFields(DocumentMapperParser.java:151) ~[elasticsearch-5.4.1.jar:5.4.1]
	at org.elasticsearch.index.mapper.DocumentMapperParser.checkNoRemainingFields(DocumentMapperParser.java:145) ~[elasticsearch-5.4.1.jar:5.4.1]
	at org.elasticsearch.index.mapper.ObjectMapper$TypeParser.parseProperties(ObjectMapper.java:285) ~[elasticsearch-5.4.1.jar:5.4.1]
	at org.elasticsearch.index.mapper.ObjectMapper$TypeParser.parseObjectOrDocumentTypeProperties(ObjectMapper.java:199) ~[elasticsearch-5.4.1.jar:5.4.1]
	at org.elasticsearch.index.mapper.RootObjectMapper$TypeParser.parse(RootObjectMapper.java:102) ~[elasticsearch-5.4.1.jar:5.4.1]
	at org.elasticsearch.index.mapper.DocumentMapperParser.parse(DocumentMapperParser.java:111) ~[elasticsearch-5.4.1.jar:5.4.1]
	at org.elasticsearch.index.mapper.DocumentMapperParser.parse(DocumentMapperParser.java:91) ~[elasticsearch-5.4.1.jar:5.4.1]
	at org.elasticsearch.index.mapper.MapperService.parse(MapperService.java:633) ~[elasticsearch-5.4.1.jar:5.4.1]
	at org.elasticsearch.cluster.metadata.MetaDataMappingService$PutMappingExecutor.applyRequest(MetaDataMappingService.java:264) ~[elasticsearch-5.4.1.jar:5.4.1]
	at org.elasticsearch.cluster.metadata.MetaDataMappingService$PutMappingExecutor.execute(MetaDataMappingService.java:230) ~[elasticsearch-5.4.1.jar:5.4.1]
	at org.elasticsearch.cluster.service.ClusterService.executeTasks(ClusterService.java:633) ~[elasticsearch-5.4.1.jar:5.4.1]
	at org.elasticsearch.cluster.service.ClusterService.calculateTaskOutputs(ClusterService.java:611) ~[elasticsearch-5.4.1.jar:5.4.1]
	at org.elasticsearch.cluster.service.ClusterService.runTasks(ClusterService.java:570) [elasticsearch-5.4.1.jar:5.4.1]
	at org.elasticsearch.cluster.service.ClusterService$ClusterServiceTaskBatcher.run(ClusterService.java:262) [elasticsearch-5.4.1.jar:5.4.1]
	at org.elasticsearch.cluster.service.TaskBatcher.runIfNotProcessed(TaskBatcher.java:150) [elasticsearch-5.4.1.jar:5.4.1]
	at org.elasticsearch.cluster.service.TaskBatcher$BatchedTask.run(TaskBatcher.java:188) [elasticsearch-5.4.1.jar:5.4.1]
	at org.elasticsearch.common.util.concurrent.ThreadContext$ContextPreservingRunnable.run(ThreadContext.java:569) [elasticsearch-5.4.1.jar:5.4.1]
	at org.elasticsearch.common.util.concurrent.PrioritizedEsThreadPoolExecutor$TieBreakingPrioritizedRunnable.runAndClean(PrioritizedEsThreadPoolExecutor.java:247) [elasticsearch-5.4.1.jar:5.4.1]
	at org.elasticsearch.common.util.concurrent.PrioritizedEsThreadPoolExecutor$TieBreakingPrioritizedRunnable.run(PrioritizedEsThreadPoolExecutor.java:210) [elasticsearch-5.4.1.jar:5.4.1]
	at java.util.concurrent.ThreadPoolExecutor.runWorker(ThreadPoolExecutor.java:1142) [?:1.8.0_131]
	at java.util.concurrent.ThreadPoolExecutor$Worker.run(ThreadPoolExecutor.java:617) [?:1.8.0_131]
	at java.lang.Thread.run(Thread.java:748) [?:1.8.0_131]
[2017-06-12T16:01:19,209][DEBUG][o.e.a.a.i.m.p.TransportPutMappingAction] [_h1h-U9] failed to put mappings on indices [[[fruits/WMF1JNseQIiG-3U76MF47A]]], type [item]
org.elasticsearch.index.mapper.MapperParsingException: Mapping definition for [text] has unsupported parameters:  [analyzer : autocomplete] [search_analyzer : standard]
	at org.elasticsearch.index.mapper.DocumentMapperParser.checkNoRemainingFields(DocumentMapperParser.java:151) ~[elasticsearch-5.4.1.jar:5.4.1]
	at org.elasticsearch.index.mapper.DocumentMapperParser.checkNoRemainingFields(DocumentMapperParser.java:145) ~[elasticsearch-5.4.1.jar:5.4.1]
	at org.elasticsearch.index.mapper.ObjectMapper$TypeParser.parseProperties(ObjectMapper.java:285) ~[elasticsearch-5.4.1.jar:5.4.1]
	at org.elasticsearch.index.mapper.ObjectMapper$TypeParser.parseObjectOrDocumentTypeProperties(ObjectMapper.java:199) ~[elasticsearch-5.4.1.jar:5.4.1]
	at org.elasticsearch.index.mapper.RootObjectMapper$TypeParser.parse(RootObjectMapper.java:102) ~[elasticsearch-5.4.1.jar:5.4.1]
	at org.elasticsearch.index.mapper.DocumentMapperParser.parse(DocumentMapperParser.java:111) ~[elasticsearch-5.4.1.jar:5.4.1]
	at org.elasticsearch.index.mapper.DocumentMapperParser.parse(DocumentMapperParser.java:91) ~[elasticsearch-5.4.1.jar:5.4.1]
	at org.elasticsearch.index.mapper.MapperService.parse(MapperService.java:633) ~[elasticsearch-5.4.1.jar:5.4.1]
	at org.elasticsearch.cluster.metadata.MetaDataMappingService$PutMappingExecutor.applyRequest(MetaDataMappingService.java:264) ~[elasticsearch-5.4.1.jar:5.4.1]
	at org.elasticsearch.cluster.metadata.MetaDataMappingService$PutMappingExecutor.execute(MetaDataMappingService.java:230) ~[elasticsearch-5.4.1.jar:5.4.1]
	at org.elasticsearch.cluster.service.ClusterService.executeTasks(ClusterService.java:633) ~[elasticsearch-5.4.1.jar:5.4.1]
	at org.elasticsearch.cluster.service.ClusterService.calculateTaskOutputs(ClusterService.java:611) ~[elasticsearch-5.4.1.jar:5.4.1]
	at org.elasticsearch.cluster.service.ClusterService.runTasks(ClusterService.java:570) [elasticsearch-5.4.1.jar:5.4.1]
	at org.elasticsearch.cluster.service.ClusterService$ClusterServiceTaskBatcher.run(ClusterService.java:262) [elasticsearch-5.4.1.jar:5.4.1]
	at org.elasticsearch.cluster.service.TaskBatcher.runIfNotProcessed(TaskBatcher.java:150) [elasticsearch-5.4.1.jar:5.4.1]
	at org.elasticsearch.cluster.service.TaskBatcher$BatchedTask.run(TaskBatcher.java:188) [elasticsearch-5.4.1.jar:5.4.1]
	at org.elasticsearch.common.util.concurrent.ThreadContext$ContextPreservingRunnable.run(ThreadContext.java:569) [elasticsearch-5.4.1.jar:5.4.1]
	at org.elasticsearch.common.util.concurrent.PrioritizedEsThreadPoolExecutor$TieBreakingPrioritizedRunnable.runAndClean(PrioritizedEsThreadPoolExecutor.java:247) [elasticsearch-5.4.1.jar:5.4.1]
	at org.elasticsearch.common.util.concurrent.PrioritizedEsThreadPoolExecutor$TieBreakingPrioritizedRunnable.run(PrioritizedEsThreadPoolExecutor.java:210) [elasticsearch-5.4.1.jar:5.4.1]
	at java.util.concurrent.ThreadPoolExecutor.runWorker(ThreadPoolExecutor.java:1142) [?:1.8.0_131]
	at java.util.concurrent.ThreadPoolExecutor$Worker.run(ThreadPoolExecutor.java:617) [?:1.8.0_131]
	at java.lang.Thread.run(Thread.java:748) [?:1.8.0_131]
[2017-06-12T16:03:37,725][DEBUG][o.e.a.a.i.m.p.TransportPutMappingAction] [_h1h-U9] failed to put mappings on indices [[[fruits/WMF1JNseQIiG-3U76MF47A]]], type [item2]
org.elasticsearch.index.mapper.MapperParsingException: Root mapping definition has unsupported parameters:  [propeties : {type=long}]
	at org.elasticsearch.index.mapper.DocumentMapperParser.checkNoRemainingFields(DocumentMapperParser.java:151) ~[elasticsearch-5.4.1.jar:5.4.1]
	at org.elasticsearch.index.mapper.DocumentMapperParser.parse(DocumentMapperParser.java:139) ~[elasticsearch-5.4.1.jar:5.4.1]
	at org.elasticsearch.index.mapper.DocumentMapperParser.parse(DocumentMapperParser.java:91) ~[elasticsearch-5.4.1.jar:5.4.1]
	at org.elasticsearch.index.mapper.MapperService.parse(MapperService.java:633) ~[elasticsearch-5.4.1.jar:5.4.1]
	at org.elasticsearch.cluster.metadata.MetaDataMappingService$PutMappingExecutor.applyRequest(MetaDataMappingService.java:264) ~[elasticsearch-5.4.1.jar:5.4.1]
	at org.elasticsearch.cluster.metadata.MetaDataMappingService$PutMappingExecutor.execute(MetaDataMappingService.java:230) ~[elasticsearch-5.4.1.jar:5.4.1]
	at org.elasticsearch.cluster.service.ClusterService.executeTasks(ClusterService.java:633) ~[elasticsearch-5.4.1.jar:5.4.1]
	at org.elasticsearch.cluster.service.ClusterService.calculateTaskOutputs(ClusterService.java:611) ~[elasticsearch-5.4.1.jar:5.4.1]
	at org.elasticsearch.cluster.service.ClusterService.runTasks(ClusterService.java:570) [elasticsearch-5.4.1.jar:5.4.1]
	at org.elasticsearch.cluster.service.ClusterService$ClusterServiceTaskBatcher.run(ClusterService.java:262) [elasticsearch-5.4.1.jar:5.4.1]
	at org.elasticsearch.cluster.service.TaskBatcher.runIfNotProcessed(TaskBatcher.java:150) [elasticsearch-5.4.1.jar:5.4.1]
	at org.elasticsearch.cluster.service.TaskBatcher$BatchedTask.run(TaskBatcher.java:188) [elasticsearch-5.4.1.jar:5.4.1]
	at org.elasticsearch.common.util.concurrent.ThreadContext$ContextPreservingRunnable.run(ThreadContext.java:569) [elasticsearch-5.4.1.jar:5.4.1]
	at org.elasticsearch.common.util.concurrent.PrioritizedEsThreadPoolExecutor$TieBreakingPrioritizedRunnable.runAndClean(PrioritizedEsThreadPoolExecutor.java:247) [elasticsearch-5.4.1.jar:5.4.1]
	at org.elasticsearch.common.util.concurrent.PrioritizedEsThreadPoolExecutor$TieBreakingPrioritizedRunnable.run(PrioritizedEsThreadPoolExecutor.java:210) [elasticsearch-5.4.1.jar:5.4.1]
	at java.util.concurrent.ThreadPoolExecutor.runWorker(ThreadPoolExecutor.java:1142) [?:1.8.0_131]
	at java.util.concurrent.ThreadPoolExecutor$Worker.run(ThreadPoolExecutor.java:617) [?:1.8.0_131]
	at java.lang.Thread.run(Thread.java:748) [?:1.8.0_131]
[2017-06-12T16:04:05,150][DEBUG][o.e.a.a.i.m.p.TransportPutMappingAction] [_h1h-U9] failed to put mappings on indices [[[fruits/WMF1JNseQIiG-3U76MF47A]]], type [item2]
org.elasticsearch.index.mapper.MapperParsingException: Expected map for property [fields] on field [type] but got a class java.lang.String
	at org.elasticsearch.index.mapper.ObjectMapper$TypeParser.parseProperties(ObjectMapper.java:291) ~[elasticsearch-5.4.1.jar:5.4.1]
	at org.elasticsearch.index.mapper.ObjectMapper$TypeParser.parseObjectOrDocumentTypeProperties(ObjectMapper.java:199) ~[elasticsearch-5.4.1.jar:5.4.1]
	at org.elasticsearch.index.mapper.RootObjectMapper$TypeParser.parse(RootObjectMapper.java:102) ~[elasticsearch-5.4.1.jar:5.4.1]
	at org.elasticsearch.index.mapper.DocumentMapperParser.parse(DocumentMapperParser.java:111) ~[elasticsearch-5.4.1.jar:5.4.1]
	at org.elasticsearch.index.mapper.DocumentMapperParser.parse(DocumentMapperParser.java:91) ~[elasticsearch-5.4.1.jar:5.4.1]
	at org.elasticsearch.index.mapper.MapperService.parse(MapperService.java:633) ~[elasticsearch-5.4.1.jar:5.4.1]
	at org.elasticsearch.cluster.metadata.MetaDataMappingService$PutMappingExecutor.applyRequest(MetaDataMappingService.java:264) ~[elasticsearch-5.4.1.jar:5.4.1]
	at org.elasticsearch.cluster.metadata.MetaDataMappingService$PutMappingExecutor.execute(MetaDataMappingService.java:230) ~[elasticsearch-5.4.1.jar:5.4.1]
	at org.elasticsearch.cluster.service.ClusterService.executeTasks(ClusterService.java:633) ~[elasticsearch-5.4.1.jar:5.4.1]
	at org.elasticsearch.cluster.service.ClusterService.calculateTaskOutputs(ClusterService.java:611) ~[elasticsearch-5.4.1.jar:5.4.1]
	at org.elasticsearch.cluster.service.ClusterService.runTasks(ClusterService.java:570) [elasticsearch-5.4.1.jar:5.4.1]
	at org.elasticsearch.cluster.service.ClusterService$ClusterServiceTaskBatcher.run(ClusterService.java:262) [elasticsearch-5.4.1.jar:5.4.1]
	at org.elasticsearch.cluster.service.TaskBatcher.runIfNotProcessed(TaskBatcher.java:150) [elasticsearch-5.4.1.jar:5.4.1]
	at org.elasticsearch.cluster.service.TaskBatcher$BatchedTask.run(TaskBatcher.java:188) [elasticsearch-5.4.1.jar:5.4.1]
	at org.elasticsearch.common.util.concurrent.ThreadContext$ContextPreservingRunnable.run(ThreadContext.java:569) [elasticsearch-5.4.1.jar:5.4.1]
	at org.elasticsearch.common.util.concurrent.PrioritizedEsThreadPoolExecutor$TieBreakingPrioritizedRunnable.runAndClean(PrioritizedEsThreadPoolExecutor.java:247) [elasticsearch-5.4.1.jar:5.4.1]
	at org.elasticsearch.common.util.concurrent.PrioritizedEsThreadPoolExecutor$TieBreakingPrioritizedRunnable.run(PrioritizedEsThreadPoolExecutor.java:210) [elasticsearch-5.4.1.jar:5.4.1]
	at java.util.concurrent.ThreadPoolExecutor.runWorker(ThreadPoolExecutor.java:1142) [?:1.8.0_131]
	at java.util.concurrent.ThreadPoolExecutor$Worker.run(ThreadPoolExecutor.java:617) [?:1.8.0_131]
	at java.lang.Thread.run(Thread.java:748) [?:1.8.0_131]
[2017-06-12T16:04:46,057][DEBUG][o.e.a.a.i.m.p.TransportPutMappingAction] [_h1h-U9] failed to put mappings on indices [[[fruits/WMF1JNseQIiG-3U76MF47A]]], type [item2]
org.elasticsearch.index.mapper.MapperParsingException: Root mapping definition has unsupported parameters:  [greg : {properties={type=long}}]
	at org.elasticsearch.index.mapper.DocumentMapperParser.checkNoRemainingFields(DocumentMapperParser.java:151) ~[elasticsearch-5.4.1.jar:5.4.1]
	at org.elasticsearch.index.mapper.DocumentMapperParser.parse(DocumentMapperParser.java:139) ~[elasticsearch-5.4.1.jar:5.4.1]
	at org.elasticsearch.index.mapper.DocumentMapperParser.parse(DocumentMapperParser.java:91) ~[elasticsearch-5.4.1.jar:5.4.1]
	at org.elasticsearch.index.mapper.MapperService.parse(MapperService.java:633) ~[elasticsearch-5.4.1.jar:5.4.1]
	at org.elasticsearch.cluster.metadata.MetaDataMappingService$PutMappingExecutor.applyRequest(MetaDataMappingService.java:264) ~[elasticsearch-5.4.1.jar:5.4.1]
	at org.elasticsearch.cluster.metadata.MetaDataMappingService$PutMappingExecutor.execute(MetaDataMappingService.java:230) ~[elasticsearch-5.4.1.jar:5.4.1]
	at org.elasticsearch.cluster.service.ClusterService.executeTasks(ClusterService.java:633) ~[elasticsearch-5.4.1.jar:5.4.1]
	at org.elasticsearch.cluster.service.ClusterService.calculateTaskOutputs(ClusterService.java:611) ~[elasticsearch-5.4.1.jar:5.4.1]
	at org.elasticsearch.cluster.service.ClusterService.runTasks(ClusterService.java:570) [elasticsearch-5.4.1.jar:5.4.1]
	at org.elasticsearch.cluster.service.ClusterService$ClusterServiceTaskBatcher.run(ClusterService.java:262) [elasticsearch-5.4.1.jar:5.4.1]
	at org.elasticsearch.cluster.service.TaskBatcher.runIfNotProcessed(TaskBatcher.java:150) [elasticsearch-5.4.1.jar:5.4.1]
	at org.elasticsearch.cluster.service.TaskBatcher$BatchedTask.run(TaskBatcher.java:188) [elasticsearch-5.4.1.jar:5.4.1]
	at org.elasticsearch.common.util.concurrent.ThreadContext$ContextPreservingRunnable.run(ThreadContext.java:569) [elasticsearch-5.4.1.jar:5.4.1]
	at org.elasticsearch.common.util.concurrent.PrioritizedEsThreadPoolExecutor$TieBreakingPrioritizedRunnable.runAndClean(PrioritizedEsThreadPoolExecutor.java:247) [elasticsearch-5.4.1.jar:5.4.1]
	at org.elasticsearch.common.util.concurrent.PrioritizedEsThreadPoolExecutor$TieBreakingPrioritizedRunnable.run(PrioritizedEsThreadPoolExecutor.java:210) [elasticsearch-5.4.1.jar:5.4.1]
	at java.util.concurrent.ThreadPoolExecutor.runWorker(ThreadPoolExecutor.java:1142) [?:1.8.0_131]
	at java.util.concurrent.ThreadPoolExecutor$Worker.run(ThreadPoolExecutor.java:617) [?:1.8.0_131]
	at java.lang.Thread.run(Thread.java:748) [?:1.8.0_131]
[2017-06-12T16:06:43,972][DEBUG][o.e.a.a.i.m.p.TransportPutMappingAction] [_h1h-U9] failed to put mappings on indices [[[fruits/WMF1JNseQIiG-3U76MF47A]]], type [item2]
org.elasticsearch.index.mapper.MapperParsingException: Root mapping definition has unsupported parameters:  [greg : {properties={type=long}}]
	at org.elasticsearch.index.mapper.DocumentMapperParser.checkNoRemainingFields(DocumentMapperParser.java:151) ~[elasticsearch-5.4.1.jar:5.4.1]
	at org.elasticsearch.index.mapper.DocumentMapperParser.parse(DocumentMapperParser.java:139) ~[elasticsearch-5.4.1.jar:5.4.1]
	at org.elasticsearch.index.mapper.DocumentMapperParser.parse(DocumentMapperParser.java:91) ~[elasticsearch-5.4.1.jar:5.4.1]
	at org.elasticsearch.index.mapper.MapperService.parse(MapperService.java:633) ~[elasticsearch-5.4.1.jar:5.4.1]
	at org.elasticsearch.cluster.metadata.MetaDataMappingService$PutMappingExecutor.applyRequest(MetaDataMappingService.java:264) ~[elasticsearch-5.4.1.jar:5.4.1]
	at org.elasticsearch.cluster.metadata.MetaDataMappingService$PutMappingExecutor.execute(MetaDataMappingService.java:230) ~[elasticsearch-5.4.1.jar:5.4.1]
	at org.elasticsearch.cluster.service.ClusterService.executeTasks(ClusterService.java:633) ~[elasticsearch-5.4.1.jar:5.4.1]
	at org.elasticsearch.cluster.service.ClusterService.calculateTaskOutputs(ClusterService.java:611) ~[elasticsearch-5.4.1.jar:5.4.1]
	at org.elasticsearch.cluster.service.ClusterService.runTasks(ClusterService.java:570) [elasticsearch-5.4.1.jar:5.4.1]
	at org.elasticsearch.cluster.service.ClusterService$ClusterServiceTaskBatcher.run(ClusterService.java:262) [elasticsearch-5.4.1.jar:5.4.1]
	at org.elasticsearch.cluster.service.TaskBatcher.runIfNotProcessed(TaskBatcher.java:150) [elasticsearch-5.4.1.jar:5.4.1]
	at org.elasticsearch.cluster.service.TaskBatcher$BatchedTask.run(TaskBatcher.java:188) [elasticsearch-5.4.1.jar:5.4.1]
	at org.elasticsearch.common.util.concurrent.ThreadContext$ContextPreservingRunnable.run(ThreadContext.java:569) [elasticsearch-5.4.1.jar:5.4.1]
	at org.elasticsearch.common.util.concurrent.PrioritizedEsThreadPoolExecutor$TieBreakingPrioritizedRunnable.runAndClean(PrioritizedEsThreadPoolExecutor.java:247) [elasticsearch-5.4.1.jar:5.4.1]
	at org.elasticsearch.common.util.concurrent.PrioritizedEsThreadPoolExecutor$TieBreakingPrioritizedRunnable.run(PrioritizedEsThreadPoolExecutor.java:210) [elasticsearch-5.4.1.jar:5.4.1]
	at java.util.concurrent.ThreadPoolExecutor.runWorker(ThreadPoolExecutor.java:1142) [?:1.8.0_131]
	at java.util.concurrent.ThreadPoolExecutor$Worker.run(ThreadPoolExecutor.java:617) [?:1.8.0_131]
	at java.lang.Thread.run(Thread.java:748) [?:1.8.0_131]
[2017-06-12T16:08:36,368][DEBUG][o.e.a.a.i.m.p.TransportPutMappingAction] [_h1h-U9] failed to put mappings on indices [[[fruits/WMF1JNseQIiG-3U76MF47A]]], type [item2]
org.elasticsearch.index.mapper.MapperParsingException: Expected map for property [fields] on field [type] but got a class java.lang.String
	at org.elasticsearch.index.mapper.ObjectMapper$TypeParser.parseProperties(ObjectMapper.java:291) ~[elasticsearch-5.4.1.jar:5.4.1]
	at org.elasticsearch.index.mapper.ObjectMapper$TypeParser.parseObjectOrDocumentTypeProperties(ObjectMapper.java:199) ~[elasticsearch-5.4.1.jar:5.4.1]
	at org.elasticsearch.index.mapper.RootObjectMapper$TypeParser.parse(RootObjectMapper.java:102) ~[elasticsearch-5.4.1.jar:5.4.1]
	at org.elasticsearch.index.mapper.DocumentMapperParser.parse(DocumentMapperParser.java:111) ~[elasticsearch-5.4.1.jar:5.4.1]
	at org.elasticsearch.index.mapper.DocumentMapperParser.parse(DocumentMapperParser.java:91) ~[elasticsearch-5.4.1.jar:5.4.1]
	at org.elasticsearch.index.mapper.MapperService.parse(MapperService.java:633) ~[elasticsearch-5.4.1.jar:5.4.1]
	at org.elasticsearch.cluster.metadata.MetaDataMappingService$PutMappingExecutor.applyRequest(MetaDataMappingService.java:264) ~[elasticsearch-5.4.1.jar:5.4.1]
	at org.elasticsearch.cluster.metadata.MetaDataMappingService$PutMappingExecutor.execute(MetaDataMappingService.java:230) ~[elasticsearch-5.4.1.jar:5.4.1]
	at org.elasticsearch.cluster.service.ClusterService.executeTasks(ClusterService.java:633) ~[elasticsearch-5.4.1.jar:5.4.1]
	at org.elasticsearch.cluster.service.ClusterService.calculateTaskOutputs(ClusterService.java:611) ~[elasticsearch-5.4.1.jar:5.4.1]
	at org.elasticsearch.cluster.service.ClusterService.runTasks(ClusterService.java:570) [elasticsearch-5.4.1.jar:5.4.1]
	at org.elasticsearch.cluster.service.ClusterService$ClusterServiceTaskBatcher.run(ClusterService.java:262) [elasticsearch-5.4.1.jar:5.4.1]
	at org.elasticsearch.cluster.service.TaskBatcher.runIfNotProcessed(TaskBatcher.java:150) [elasticsearch-5.4.1.jar:5.4.1]
	at org.elasticsearch.cluster.service.TaskBatcher$BatchedTask.run(TaskBatcher.java:188) [elasticsearch-5.4.1.jar:5.4.1]
	at org.elasticsearch.common.util.concurrent.ThreadContext$ContextPreservingRunnable.run(ThreadContext.java:569) [elasticsearch-5.4.1.jar:5.4.1]
	at org.elasticsearch.common.util.concurrent.PrioritizedEsThreadPoolExecutor$TieBreakingPrioritizedRunnable.runAndClean(PrioritizedEsThreadPoolExecutor.java:247) [elasticsearch-5.4.1.jar:5.4.1]
	at org.elasticsearch.common.util.concurrent.PrioritizedEsThreadPoolExecutor$TieBreakingPrioritizedRunnable.run(PrioritizedEsThreadPoolExecutor.java:210) [elasticsearch-5.4.1.jar:5.4.1]
	at java.util.concurrent.ThreadPoolExecutor.runWorker(ThreadPoolExecutor.java:1142) [?:1.8.0_131]
	at java.util.concurrent.ThreadPoolExecutor$Worker.run(ThreadPoolExecutor.java:617) [?:1.8.0_131]
	at java.lang.Thread.run(Thread.java:748) [?:1.8.0_131]
[2017-06-12T16:09:04,056][INFO ][o.e.c.m.MetaDataMappingService] [_h1h-U9] [fruits/WMF1JNseQIiG-3U76MF47A] create_mapping [user]
[2017-06-12T16:10:07,885][DEBUG][o.e.a.a.i.m.p.TransportPutMappingAction] [_h1h-U9] failed to put mappings on indices [[[fruits/WMF1JNseQIiG-3U76MF47A]]], type [user]
java.lang.IllegalArgumentException: mapper [name] of different type, current_type [text], merged_type [long]
	at org.elasticsearch.index.mapper.FieldMapper.doMerge(FieldMapper.java:347) ~[elasticsearch-5.4.1.jar:5.4.1]
	at org.elasticsearch.index.mapper.TextFieldMapper.doMerge(TextFieldMapper.java:404) ~[elasticsearch-5.4.1.jar:5.4.1]
	at org.elasticsearch.index.mapper.FieldMapper.merge(FieldMapper.java:333) ~[elasticsearch-5.4.1.jar:5.4.1]
	at org.elasticsearch.index.mapper.FieldMapper.merge(FieldMapper.java:49) ~[elasticsearch-5.4.1.jar:5.4.1]
	at org.elasticsearch.index.mapper.ObjectMapper.doMerge(ObjectMapper.java:447) ~[elasticsearch-5.4.1.jar:5.4.1]
	at org.elasticsearch.index.mapper.RootObjectMapper.doMerge(RootObjectMapper.java:248) ~[elasticsearch-5.4.1.jar:5.4.1]
	at org.elasticsearch.index.mapper.ObjectMapper.merge(ObjectMapper.java:419) ~[elasticsearch-5.4.1.jar:5.4.1]
	at org.elasticsearch.index.mapper.RootObjectMapper.merge(RootObjectMapper.java:243) ~[elasticsearch-5.4.1.jar:5.4.1]
	at org.elasticsearch.index.mapper.Mapping.merge(Mapping.java:88) ~[elasticsearch-5.4.1.jar:5.4.1]
	at org.elasticsearch.index.mapper.DocumentMapper.merge(DocumentMapper.java:335) ~[elasticsearch-5.4.1.jar:5.4.1]
	at org.elasticsearch.cluster.metadata.MetaDataMappingService$PutMappingExecutor.applyRequest(MetaDataMappingService.java:267) ~[elasticsearch-5.4.1.jar:5.4.1]
	at org.elasticsearch.cluster.metadata.MetaDataMappingService$PutMappingExecutor.execute(MetaDataMappingService.java:230) ~[elasticsearch-5.4.1.jar:5.4.1]
	at org.elasticsearch.cluster.service.ClusterService.executeTasks(ClusterService.java:633) ~[elasticsearch-5.4.1.jar:5.4.1]
	at org.elasticsearch.cluster.service.ClusterService.calculateTaskOutputs(ClusterService.java:611) ~[elasticsearch-5.4.1.jar:5.4.1]
	at org.elasticsearch.cluster.service.ClusterService.runTasks(ClusterService.java:570) [elasticsearch-5.4.1.jar:5.4.1]
	at org.elasticsearch.cluster.service.ClusterService$ClusterServiceTaskBatcher.run(ClusterService.java:262) [elasticsearch-5.4.1.jar:5.4.1]
	at org.elasticsearch.cluster.service.TaskBatcher.runIfNotProcessed(TaskBatcher.java:150) [elasticsearch-5.4.1.jar:5.4.1]
	at org.elasticsearch.cluster.service.TaskBatcher$BatchedTask.run(TaskBatcher.java:188) [elasticsearch-5.4.1.jar:5.4.1]
	at org.elasticsearch.common.util.concurrent.ThreadContext$ContextPreservingRunnable.run(ThreadContext.java:569) [elasticsearch-5.4.1.jar:5.4.1]
	at org.elasticsearch.common.util.concurrent.PrioritizedEsThreadPoolExecutor$TieBreakingPrioritizedRunnable.runAndClean(PrioritizedEsThreadPoolExecutor.java:247) [elasticsearch-5.4.1.jar:5.4.1]
	at org.elasticsearch.common.util.concurrent.PrioritizedEsThreadPoolExecutor$TieBreakingPrioritizedRunnable.run(PrioritizedEsThreadPoolExecutor.java:210) [elasticsearch-5.4.1.jar:5.4.1]
	at java.util.concurrent.ThreadPoolExecutor.runWorker(ThreadPoolExecutor.java:1142) [?:1.8.0_131]
	at java.util.concurrent.ThreadPoolExecutor$Worker.run(ThreadPoolExecutor.java:617) [?:1.8.0_131]
	at java.lang.Thread.run(Thread.java:748) [?:1.8.0_131]
[2017-06-12T16:20:39,843][INFO ][o.e.c.m.MetaDataMappingService] [_h1h-U9] [fruits/WMF1JNseQIiG-3U76MF47A] update_mapping [user]
[2017-06-12T16:21:01,184][DEBUG][o.e.a.a.i.m.p.TransportPutMappingAction] [_h1h-U9] failed to put mappings on indices [[[fruits/WMF1JNseQIiG-3U76MF47A]]], type [user]
java.lang.IllegalArgumentException: mapper [age] of different type, current_type [long], merged_type [text]
	at org.elasticsearch.index.mapper.FieldMapper.doMerge(FieldMapper.java:347) ~[elasticsearch-5.4.1.jar:5.4.1]
	at org.elasticsearch.index.mapper.NumberFieldMapper.doMerge(NumberFieldMapper.java:1097) ~[elasticsearch-5.4.1.jar:5.4.1]
	at org.elasticsearch.index.mapper.FieldMapper.merge(FieldMapper.java:333) ~[elasticsearch-5.4.1.jar:5.4.1]
	at org.elasticsearch.index.mapper.FieldMapper.merge(FieldMapper.java:49) ~[elasticsearch-5.4.1.jar:5.4.1]
	at org.elasticsearch.index.mapper.ObjectMapper.doMerge(ObjectMapper.java:447) ~[elasticsearch-5.4.1.jar:5.4.1]
	at org.elasticsearch.index.mapper.RootObjectMapper.doMerge(RootObjectMapper.java:248) ~[elasticsearch-5.4.1.jar:5.4.1]
	at org.elasticsearch.index.mapper.ObjectMapper.merge(ObjectMapper.java:419) ~[elasticsearch-5.4.1.jar:5.4.1]
	at org.elasticsearch.index.mapper.RootObjectMapper.merge(RootObjectMapper.java:243) ~[elasticsearch-5.4.1.jar:5.4.1]
	at org.elasticsearch.index.mapper.Mapping.merge(Mapping.java:88) ~[elasticsearch-5.4.1.jar:5.4.1]
	at org.elasticsearch.index.mapper.DocumentMapper.merge(DocumentMapper.java:335) ~[elasticsearch-5.4.1.jar:5.4.1]
	at org.elasticsearch.cluster.metadata.MetaDataMappingService$PutMappingExecutor.applyRequest(MetaDataMappingService.java:267) ~[elasticsearch-5.4.1.jar:5.4.1]
	at org.elasticsearch.cluster.metadata.MetaDataMappingService$PutMappingExecutor.execute(MetaDataMappingService.java:230) ~[elasticsearch-5.4.1.jar:5.4.1]
	at org.elasticsearch.cluster.service.ClusterService.executeTasks(ClusterService.java:633) ~[elasticsearch-5.4.1.jar:5.4.1]
	at org.elasticsearch.cluster.service.ClusterService.calculateTaskOutputs(ClusterService.java:611) ~[elasticsearch-5.4.1.jar:5.4.1]
	at org.elasticsearch.cluster.service.ClusterService.runTasks(ClusterService.java:570) [elasticsearch-5.4.1.jar:5.4.1]
	at org.elasticsearch.cluster.service.ClusterService$ClusterServiceTaskBatcher.run(ClusterService.java:262) [elasticsearch-5.4.1.jar:5.4.1]
	at org.elasticsearch.cluster.service.TaskBatcher.runIfNotProcessed(TaskBatcher.java:150) [elasticsearch-5.4.1.jar:5.4.1]
	at org.elasticsearch.cluster.service.TaskBatcher$BatchedTask.run(TaskBatcher.java:188) [elasticsearch-5.4.1.jar:5.4.1]
	at org.elasticsearch.common.util.concurrent.ThreadContext$ContextPreservingRunnable.run(ThreadContext.java:569) [elasticsearch-5.4.1.jar:5.4.1]
	at org.elasticsearch.common.util.concurrent.PrioritizedEsThreadPoolExecutor$TieBreakingPrioritizedRunnable.runAndClean(PrioritizedEsThreadPoolExecutor.java:247) [elasticsearch-5.4.1.jar:5.4.1]
	at org.elasticsearch.common.util.concurrent.PrioritizedEsThreadPoolExecutor$TieBreakingPrioritizedRunnable.run(PrioritizedEsThreadPoolExecutor.java:210) [elasticsearch-5.4.1.jar:5.4.1]
	at java.util.concurrent.ThreadPoolExecutor.runWorker(ThreadPoolExecutor.java:1142) [?:1.8.0_131]
	at java.util.concurrent.ThreadPoolExecutor$Worker.run(ThreadPoolExecutor.java:617) [?:1.8.0_131]
	at java.lang.Thread.run(Thread.java:748) [?:1.8.0_131]
[2017-06-12T16:28:53,404][INFO ][o.e.c.m.MetaDataMappingService] [_h1h-U9] [fruits/WMF1JNseQIiG-3U76MF47A] update_mapping [user]
[2017-06-12T16:45:21,237][INFO ][o.e.c.m.MetaDataMappingService] [_h1h-U9] [fruits/WMF1JNseQIiG-3U76MF47A] create_mapping [newType]
[2017-06-12T16:49:41,968][DEBUG][o.e.a.a.i.m.p.TransportPutMappingAction] [_h1h-U9] failed to put mappings on indices [[[fruits/WMF1JNseQIiG-3U76MF47A]]], type [newType]
java.lang.IllegalArgumentException: mapper [sex] of different type, current_type [boolean], merged_type [text]
	at org.elasticsearch.index.mapper.FieldMapper.doMerge(FieldMapper.java:347) ~[elasticsearch-5.4.1.jar:5.4.1]
	at org.elasticsearch.index.mapper.FieldMapper.merge(FieldMapper.java:333) ~[elasticsearch-5.4.1.jar:5.4.1]
	at org.elasticsearch.index.mapper.FieldMapper.merge(FieldMapper.java:49) ~[elasticsearch-5.4.1.jar:5.4.1]
	at org.elasticsearch.index.mapper.ObjectMapper.doMerge(ObjectMapper.java:447) ~[elasticsearch-5.4.1.jar:5.4.1]
	at org.elasticsearch.index.mapper.RootObjectMapper.doMerge(RootObjectMapper.java:248) ~[elasticsearch-5.4.1.jar:5.4.1]
	at org.elasticsearch.index.mapper.ObjectMapper.merge(ObjectMapper.java:419) ~[elasticsearch-5.4.1.jar:5.4.1]
	at org.elasticsearch.index.mapper.RootObjectMapper.merge(RootObjectMapper.java:243) ~[elasticsearch-5.4.1.jar:5.4.1]
	at org.elasticsearch.index.mapper.Mapping.merge(Mapping.java:88) ~[elasticsearch-5.4.1.jar:5.4.1]
	at org.elasticsearch.index.mapper.DocumentMapper.merge(DocumentMapper.java:335) ~[elasticsearch-5.4.1.jar:5.4.1]
	at org.elasticsearch.cluster.metadata.MetaDataMappingService$PutMappingExecutor.applyRequest(MetaDataMappingService.java:267) ~[elasticsearch-5.4.1.jar:5.4.1]
	at org.elasticsearch.cluster.metadata.MetaDataMappingService$PutMappingExecutor.execute(MetaDataMappingService.java:230) ~[elasticsearch-5.4.1.jar:5.4.1]
	at org.elasticsearch.cluster.service.ClusterService.executeTasks(ClusterService.java:633) ~[elasticsearch-5.4.1.jar:5.4.1]
	at org.elasticsearch.cluster.service.ClusterService.calculateTaskOutputs(ClusterService.java:611) ~[elasticsearch-5.4.1.jar:5.4.1]
	at org.elasticsearch.cluster.service.ClusterService.runTasks(ClusterService.java:570) [elasticsearch-5.4.1.jar:5.4.1]
	at org.elasticsearch.cluster.service.ClusterService$ClusterServiceTaskBatcher.run(ClusterService.java:262) [elasticsearch-5.4.1.jar:5.4.1]
	at org.elasticsearch.cluster.service.TaskBatcher.runIfNotProcessed(TaskBatcher.java:150) [elasticsearch-5.4.1.jar:5.4.1]
	at org.elasticsearch.cluster.service.TaskBatcher$BatchedTask.run(TaskBatcher.java:188) [elasticsearch-5.4.1.jar:5.4.1]
	at org.elasticsearch.common.util.concurrent.ThreadContext$ContextPreservingRunnable.run(ThreadContext.java:569) [elasticsearch-5.4.1.jar:5.4.1]
	at org.elasticsearch.common.util.concurrent.PrioritizedEsThreadPoolExecutor$TieBreakingPrioritizedRunnable.runAndClean(PrioritizedEsThreadPoolExecutor.java:247) [elasticsearch-5.4.1.jar:5.4.1]
	at org.elasticsearch.common.util.concurrent.PrioritizedEsThreadPoolExecutor$TieBreakingPrioritizedRunnable.run(PrioritizedEsThreadPoolExecutor.java:210) [elasticsearch-5.4.1.jar:5.4.1]
	at java.util.concurrent.ThreadPoolExecutor.runWorker(ThreadPoolExecutor.java:1142) [?:1.8.0_131]
	at java.util.concurrent.ThreadPoolExecutor$Worker.run(ThreadPoolExecutor.java:617) [?:1.8.0_131]
	at java.lang.Thread.run(Thread.java:748) [?:1.8.0_131]
[2017-06-12T17:15:45,464][INFO ][o.e.c.m.MetaDataDeleteIndexService] [_h1h-U9] [fruits/WMF1JNseQIiG-3U76MF47A] deleting index
[2017-06-12T17:16:25,824][INFO ][o.e.c.m.MetaDataCreateIndexService] [_h1h-U9] [fruits] creating index, cause [api], templates [], shards [5]/[1], mappings []
[2017-06-12T17:28:02,175][INFO ][o.e.c.m.MetaDataIndexStateService] [_h1h-U9] closing indices [[[fruits/vS_wY1YQRtCfB9HJHpXNKg]]]
[2017-06-12T17:33:36,907][INFO ][o.e.c.m.MetaDataIndexStateService] [_h1h-U9] opening indices [[[fruits/vS_wY1YQRtCfB9HJHpXNKg]]]
[2017-06-12T17:33:37,077][INFO ][o.e.c.r.a.AllocationService] [_h1h-U9] Cluster health status changed from [RED] to [YELLOW] (reason: [shards started [[fruits][0]] ...]).
[2017-06-12T17:35:25,309][INFO ][o.e.c.m.MetaDataMappingService] [_h1h-U9] [fruits/vS_wY1YQRtCfB9HJHpXNKg] create_mapping [fruit]
[2017-06-12T18:34:33,539][INFO ][o.e.n.Node               ] [_h1h-U9] stopping ...
[2017-06-12T18:34:34,180][INFO ][o.e.n.Node               ] [_h1h-U9] stopped
[2017-06-12T18:34:34,181][INFO ][o.e.n.Node               ] [_h1h-U9] closing ...
[2017-06-12T18:34:34,243][INFO ][o.e.n.Node               ] [_h1h-U9] closed
