[2017-06-09T09:23:51,953][INFO ][o.e.n.Node               ] [] initializing ...
[2017-06-09T09:23:52,116][INFO ][o.e.e.NodeEnvironment    ] [_h1h-U9] using [1] data paths, mounts [[/ (/dev/disk1)]], net usable_space [58.9gb], net total_space [232.6gb], spins? [unknown], types [hfs]
[2017-06-09T09:23:52,116][INFO ][o.e.e.NodeEnvironment    ] [_h1h-U9] heap size [1.9gb], compressed ordinary object pointers [true]
[2017-06-09T09:23:52,219][INFO ][o.e.n.Node               ] node name [_h1h-U9] derived from node ID [_h1h-U9BTimL7eEx1BH6mA]; set [node.name] to override
[2017-06-09T09:23:52,220][INFO ][o.e.n.Node               ] version[5.4.1], pid[4721], build[2cfe0df/2017-05-29T16:05:51.443Z], OS[Mac OS X/10.12.5/x86_64], JVM[Oracle Corporation/Java HotSpot(TM) 64-Bit Server VM/1.8.0_131/25.131-b11]
[2017-06-09T09:23:52,220][INFO ][o.e.n.Node               ] JVM arguments [-Xms2g, -Xmx2g, -XX:+UseConcMarkSweepGC, -XX:CMSInitiatingOccupancyFraction=75, -XX:+UseCMSInitiatingOccupancyOnly, -XX:+DisableExplicitGC, -XX:+AlwaysPreTouch, -Xss1m, -Djava.awt.headless=true, -Dfile.encoding=UTF-8, -Djna.nosys=true, -Djdk.io.permissionsUseCanonicalPath=true, -Dio.netty.noUnsafe=true, -Dio.netty.noKeySetOptimization=true, -Dio.netty.recycler.maxCapacityPerThread=0, -Dlog4j.shutdownHookEnabled=false, -Dlog4j2.disable.jmx=true, -Dlog4j.skipJansi=true, -XX:+HeapDumpOnOutOfMemoryError, -Des.path.home=/Users/ggil01/my_tutorials_and_short/node/elastic_search_node/elasticsearch-5.4.1]
[2017-06-09T09:23:54,492][INFO ][o.e.p.PluginsService     ] [_h1h-U9] loaded module [aggs-matrix-stats]
[2017-06-09T09:23:54,492][INFO ][o.e.p.PluginsService     ] [_h1h-U9] loaded module [ingest-common]
[2017-06-09T09:23:54,492][INFO ][o.e.p.PluginsService     ] [_h1h-U9] loaded module [lang-expression]
[2017-06-09T09:23:54,493][INFO ][o.e.p.PluginsService     ] [_h1h-U9] loaded module [lang-groovy]
[2017-06-09T09:23:54,493][INFO ][o.e.p.PluginsService     ] [_h1h-U9] loaded module [lang-mustache]
[2017-06-09T09:23:54,493][INFO ][o.e.p.PluginsService     ] [_h1h-U9] loaded module [lang-painless]
[2017-06-09T09:23:54,493][INFO ][o.e.p.PluginsService     ] [_h1h-U9] loaded module [percolator]
[2017-06-09T09:23:54,493][INFO ][o.e.p.PluginsService     ] [_h1h-U9] loaded module [reindex]
[2017-06-09T09:23:54,493][INFO ][o.e.p.PluginsService     ] [_h1h-U9] loaded module [transport-netty3]
[2017-06-09T09:23:54,494][INFO ][o.e.p.PluginsService     ] [_h1h-U9] loaded module [transport-netty4]
[2017-06-09T09:23:54,495][INFO ][o.e.p.PluginsService     ] [_h1h-U9] no plugins loaded
[2017-06-09T09:23:57,429][INFO ][o.e.d.DiscoveryModule    ] [_h1h-U9] using discovery type [zen]
[2017-06-09T09:23:58,374][INFO ][o.e.n.Node               ] initialized
[2017-06-09T09:23:58,374][INFO ][o.e.n.Node               ] [_h1h-U9] starting ...
[2017-06-09T09:23:58,661][INFO ][o.e.t.TransportService   ] [_h1h-U9] publish_address {127.0.0.1:9300}, bound_addresses {[fe80::1]:9300}, {[::1]:9300}, {127.0.0.1:9300}
[2017-06-09T09:24:01,885][INFO ][o.e.c.s.ClusterService   ] [_h1h-U9] new_master {_h1h-U9}{_h1h-U9BTimL7eEx1BH6mA}{pS2ob-qlS_mK61nluyqZZw}{127.0.0.1}{127.0.0.1:9300}, reason: zen-disco-elected-as-master ([0] nodes joined)
[2017-06-09T09:24:01,934][INFO ][o.e.h.n.Netty4HttpServerTransport] [_h1h-U9] publish_address {127.0.0.1:9200}, bound_addresses {[fe80::1]:9200}, {[::1]:9200}, {127.0.0.1:9200}
[2017-06-09T09:24:01,939][INFO ][o.e.n.Node               ] [_h1h-U9] started
[2017-06-09T09:24:02,287][INFO ][o.e.g.GatewayService     ] [_h1h-U9] recovered [6] indices into cluster_state
[2017-06-09T09:24:04,088][INFO ][o.e.c.r.a.AllocationService] [_h1h-U9] Cluster health status changed from [RED] to [YELLOW] (reason: [shards started [[library][1]] ...]).
[2017-06-09T09:37:37,371][INFO ][o.e.c.m.MetaDataDeleteIndexService] [_h1h-U9] [twitter/NqCV4dj0Sou2cslwhOI6Iw] deleting index
[2017-06-09T10:05:21,423][INFO ][o.e.m.j.JvmGcMonitorService] [_h1h-U9] [gc][2476] overhead, spent [254ms] collecting in the last [1s]
[2017-06-09T15:42:24,741][INFO ][o.e.c.m.MetaDataCreateIndexService] [_h1h-U9] [products] creating index, cause [api], templates [], shards [5]/[1], mappings []
[2017-06-09T17:47:31,518][INFO ][o.e.c.m.MetaDataCreateIndexService] [_h1h-U9] [products2] creating index, cause [api], templates [], shards [5]/[1], mappings [index3]
[2017-06-09T18:16:09,272][INFO ][o.e.n.Node               ] [_h1h-U9] stopping ...
[2017-06-09T18:16:09,598][INFO ][o.e.n.Node               ] [_h1h-U9] stopped
[2017-06-09T18:16:09,600][INFO ][o.e.n.Node               ] [_h1h-U9] closing ...
[2017-06-09T18:16:09,652][INFO ][o.e.n.Node               ] [_h1h-U9] closed
