[2017-06-05T10:21:32,621][INFO ][o.e.n.Node               ] [] initializing ...
[2017-06-05T10:21:32,786][INFO ][o.e.e.NodeEnvironment    ] [_h1h-U9] using [1] data paths, mounts [[/ (/dev/disk1)]], net usable_space [61.6gb], net total_space [232.6gb], spins? [unknown], types [hfs]
[2017-06-05T10:21:32,787][INFO ][o.e.e.NodeEnvironment    ] [_h1h-U9] heap size [1.9gb], compressed ordinary object pointers [true]
[2017-06-05T10:21:32,789][INFO ][o.e.n.Node               ] node name [_h1h-U9] derived from node ID [_h1h-U9BTimL7eEx1BH6mA]; set [node.name] to override
[2017-06-05T10:21:32,790][INFO ][o.e.n.Node               ] version[5.4.1], pid[7387], build[2cfe0df/2017-05-29T16:05:51.443Z], OS[Mac OS X/10.12.5/x86_64], JVM[Oracle Corporation/Java HotSpot(TM) 64-Bit Server VM/1.8.0_131/25.131-b11]
[2017-06-05T10:21:32,790][INFO ][o.e.n.Node               ] JVM arguments [-Xms2g, -Xmx2g, -XX:+UseConcMarkSweepGC, -XX:CMSInitiatingOccupancyFraction=75, -XX:+UseCMSInitiatingOccupancyOnly, -XX:+DisableExplicitGC, -XX:+AlwaysPreTouch, -Xss1m, -Djava.awt.headless=true, -Dfile.encoding=UTF-8, -Djna.nosys=true, -Djdk.io.permissionsUseCanonicalPath=true, -Dio.netty.noUnsafe=true, -Dio.netty.noKeySetOptimization=true, -Dio.netty.recycler.maxCapacityPerThread=0, -Dlog4j.shutdownHookEnabled=false, -Dlog4j2.disable.jmx=true, -Dlog4j.skipJansi=true, -XX:+HeapDumpOnOutOfMemoryError, -Des.path.home=/Users/ggil01/my_tutorials_and_short/node/elastic_search_node/elasticsearch-5.4.1]
[2017-06-05T10:21:34,823][INFO ][o.e.p.PluginsService     ] [_h1h-U9] loaded module [aggs-matrix-stats]
[2017-06-05T10:21:34,823][INFO ][o.e.p.PluginsService     ] [_h1h-U9] loaded module [ingest-common]
[2017-06-05T10:21:34,823][INFO ][o.e.p.PluginsService     ] [_h1h-U9] loaded module [lang-expression]
[2017-06-05T10:21:34,824][INFO ][o.e.p.PluginsService     ] [_h1h-U9] loaded module [lang-groovy]
[2017-06-05T10:21:34,824][INFO ][o.e.p.PluginsService     ] [_h1h-U9] loaded module [lang-mustache]
[2017-06-05T10:21:34,824][INFO ][o.e.p.PluginsService     ] [_h1h-U9] loaded module [lang-painless]
[2017-06-05T10:21:34,824][INFO ][o.e.p.PluginsService     ] [_h1h-U9] loaded module [percolator]
[2017-06-05T10:21:34,824][INFO ][o.e.p.PluginsService     ] [_h1h-U9] loaded module [reindex]
[2017-06-05T10:21:34,824][INFO ][o.e.p.PluginsService     ] [_h1h-U9] loaded module [transport-netty3]
[2017-06-05T10:21:34,825][INFO ][o.e.p.PluginsService     ] [_h1h-U9] loaded module [transport-netty4]
[2017-06-05T10:21:34,825][INFO ][o.e.p.PluginsService     ] [_h1h-U9] no plugins loaded
[2017-06-05T10:21:38,202][INFO ][o.e.d.DiscoveryModule    ] [_h1h-U9] using discovery type [zen]
[2017-06-05T10:21:39,012][INFO ][o.e.n.Node               ] initialized
[2017-06-05T10:21:39,012][INFO ][o.e.n.Node               ] [_h1h-U9] starting ...
[2017-06-05T10:21:39,287][INFO ][o.e.t.TransportService   ] [_h1h-U9] publish_address {127.0.0.1:9300}, bound_addresses {[fe80::1]:9300}, {[::1]:9300}, {127.0.0.1:9300}
[2017-06-05T10:21:42,385][INFO ][o.e.c.s.ClusterService   ] [_h1h-U9] new_master {_h1h-U9}{_h1h-U9BTimL7eEx1BH6mA}{7BZtEcKXR6SIGy9h2MSGiA}{127.0.0.1}{127.0.0.1:9300}, reason: zen-disco-elected-as-master ([0] nodes joined)
[2017-06-05T10:21:42,429][INFO ][o.e.h.n.Netty4HttpServerTransport] [_h1h-U9] publish_address {127.0.0.1:9200}, bound_addresses {[fe80::1]:9200}, {[::1]:9200}, {127.0.0.1:9200}
[2017-06-05T10:21:42,435][INFO ][o.e.n.Node               ] [_h1h-U9] started
[2017-06-05T10:21:42,435][INFO ][o.e.g.GatewayService     ] [_h1h-U9] recovered [0] indices into cluster_state
[2017-06-05T10:23:31,253][INFO ][o.e.c.m.MetaDataCreateIndexService] [_h1h-U9] [library] creating index, cause [auto(bulk api)], templates [], shards [5]/[1], mappings []
[2017-06-05T10:23:31,904][INFO ][o.e.c.m.MetaDataMappingService] [_h1h-U9] [library/cKgjkXxFSz-yv9Mi99HGZw] create_mapping [article]
[2017-06-05T10:23:34,420][INFO ][o.e.m.j.JvmGcMonitorService] [_h1h-U9] [gc][115] overhead, spent [265ms] collecting in the last [1s]
[2017-06-05T14:06:25,548][WARN ][o.e.m.j.JvmGcMonitorService] [_h1h-U9] [gc][13445] overhead, spent [626ms] collecting in the last [1.1s]
[2017-06-05T18:10:46,346][INFO ][o.e.m.j.JvmGcMonitorService] [_h1h-U9] [gc][28055] overhead, spent [531ms] collecting in the last [1.5s]
[2017-06-05T18:44:38,313][INFO ][o.e.n.Node               ] [_h1h-U9] stopping ...
[2017-06-05T18:44:38,523][INFO ][o.e.n.Node               ] [_h1h-U9] stopped
[2017-06-05T18:44:38,524][INFO ][o.e.n.Node               ] [_h1h-U9] closing ...
[2017-06-05T18:44:39,103][INFO ][o.e.n.Node               ] [_h1h-U9] closed
