[2017-06-15T09:42:26,781][INFO ][o.e.n.Node               ] [] initializing ...
[2017-06-15T09:42:26,954][INFO ][o.e.e.NodeEnvironment    ] [_h1h-U9] using [1] data paths, mounts [[/ (/dev/disk1)]], net usable_space [67gb], net total_space [232.6gb], spins? [unknown], types [hfs]
[2017-06-15T09:42:26,954][INFO ][o.e.e.NodeEnvironment    ] [_h1h-U9] heap size [1.9gb], compressed ordinary object pointers [true]
[2017-06-15T09:42:27,004][INFO ][o.e.n.Node               ] node name [_h1h-U9] derived from node ID [_h1h-U9BTimL7eEx1BH6mA]; set [node.name] to override
[2017-06-15T09:42:27,004][INFO ][o.e.n.Node               ] version[5.4.1], pid[6793], build[2cfe0df/2017-05-29T16:05:51.443Z], OS[Mac OS X/10.12.5/x86_64], JVM[Oracle Corporation/Java HotSpot(TM) 64-Bit Server VM/1.8.0_131/25.131-b11]
[2017-06-15T09:42:27,005][INFO ][o.e.n.Node               ] JVM arguments [-Xms2g, -Xmx2g, -XX:+UseConcMarkSweepGC, -XX:CMSInitiatingOccupancyFraction=75, -XX:+UseCMSInitiatingOccupancyOnly, -XX:+DisableExplicitGC, -XX:+AlwaysPreTouch, -Xss1m, -Djava.awt.headless=true, -Dfile.encoding=UTF-8, -Djna.nosys=true, -Djdk.io.permissionsUseCanonicalPath=true, -Dio.netty.noUnsafe=true, -Dio.netty.noKeySetOptimization=true, -Dio.netty.recycler.maxCapacityPerThread=0, -Dlog4j.shutdownHookEnabled=false, -Dlog4j2.disable.jmx=true, -Dlog4j.skipJansi=true, -XX:+HeapDumpOnOutOfMemoryError, -Des.path.home=/Users/ggil01/my_tutorials_and_short/node/elastic_search_node/elasticsearch-5.4.1]
[2017-06-15T09:42:29,185][INFO ][o.e.p.PluginsService     ] [_h1h-U9] loaded module [aggs-matrix-stats]
[2017-06-15T09:42:29,185][INFO ][o.e.p.PluginsService     ] [_h1h-U9] loaded module [ingest-common]
[2017-06-15T09:42:29,186][INFO ][o.e.p.PluginsService     ] [_h1h-U9] loaded module [lang-expression]
[2017-06-15T09:42:29,186][INFO ][o.e.p.PluginsService     ] [_h1h-U9] loaded module [lang-groovy]
[2017-06-15T09:42:29,186][INFO ][o.e.p.PluginsService     ] [_h1h-U9] loaded module [lang-mustache]
[2017-06-15T09:42:29,186][INFO ][o.e.p.PluginsService     ] [_h1h-U9] loaded module [lang-painless]
[2017-06-15T09:42:29,187][INFO ][o.e.p.PluginsService     ] [_h1h-U9] loaded module [percolator]
[2017-06-15T09:42:29,187][INFO ][o.e.p.PluginsService     ] [_h1h-U9] loaded module [reindex]
[2017-06-15T09:42:29,187][INFO ][o.e.p.PluginsService     ] [_h1h-U9] loaded module [transport-netty3]
[2017-06-15T09:42:29,187][INFO ][o.e.p.PluginsService     ] [_h1h-U9] loaded module [transport-netty4]
[2017-06-15T09:42:29,188][INFO ][o.e.p.PluginsService     ] [_h1h-U9] no plugins loaded
[2017-06-15T09:42:32,511][INFO ][o.e.d.DiscoveryModule    ] [_h1h-U9] using discovery type [zen]
[2017-06-15T09:42:33,534][INFO ][o.e.n.Node               ] initialized
[2017-06-15T09:42:33,534][INFO ][o.e.n.Node               ] [_h1h-U9] starting ...
[2017-06-15T09:42:33,824][INFO ][o.e.t.TransportService   ] [_h1h-U9] publish_address {127.0.0.1:9300}, bound_addresses {[fe80::1]:9300}, {[::1]:9300}, {127.0.0.1:9300}
[2017-06-15T09:42:36,911][INFO ][o.e.c.s.ClusterService   ] [_h1h-U9] new_master {_h1h-U9}{_h1h-U9BTimL7eEx1BH6mA}{MXpf9ICGQiGt3s0p8mYAXA}{127.0.0.1}{127.0.0.1:9300}, reason: zen-disco-elected-as-master ([0] nodes joined)
[2017-06-15T09:42:36,948][INFO ][o.e.h.n.Netty4HttpServerTransport] [_h1h-U9] publish_address {127.0.0.1:9200}, bound_addresses {[fe80::1]:9200}, {[::1]:9200}, {127.0.0.1:9200}
[2017-06-15T09:42:36,954][INFO ][o.e.n.Node               ] [_h1h-U9] started
[2017-06-15T09:42:37,309][INFO ][o.e.g.GatewayService     ] [_h1h-U9] recovered [5] indices into cluster_state
[2017-06-15T09:42:38,184][INFO ][o.e.c.r.a.AllocationService] [_h1h-U9] Cluster health status changed from [RED] to [YELLOW] (reason: [shards started [[recipes][1]] ...]).
[2017-06-15T09:48:26,704][INFO ][o.e.m.j.JvmGcMonitorService] [_h1h-U9] [gc][352] overhead, spent [598ms] collecting in the last [1.2s]
[2017-06-15T10:34:40,949][INFO ][o.e.m.j.JvmGcMonitorService] [_h1h-U9] [gc][young][3118][4] duration [869ms], collections [1]/[1.2s], total [869ms]/[1.6s], memory [430.7mb]->[162.5mb]/[1.9gb], all_pools {[young] [266.2mb]->[1.6mb]/[266.2mb]}{[survivor] [33.2mb]->[5.8mb]/[33.2mb]}{[old] [131.2mb]->[155mb]/[1.6gb]}
[2017-06-15T10:34:40,959][WARN ][o.e.m.j.JvmGcMonitorService] [_h1h-U9] [gc][3118] overhead, spent [869ms] collecting in the last [1.2s]
[2017-06-15T12:25:42,787][INFO ][o.e.c.m.MetaDataDeleteIndexService] [_h1h-U9] [my_index/NamlLG6WRfmF5Nx8ObI1sw] deleting index
[2017-06-15T12:25:45,902][INFO ][o.e.c.m.MetaDataDeleteIndexService] [_h1h-U9] [my_index2/sSFM02T3QTmWwvJsOXw8Lw] deleting index
[2017-06-15T13:55:31,204][INFO ][o.e.m.j.JvmGcMonitorService] [_h1h-U9] [gc][15122] overhead, spent [282ms] collecting in the last [1s]
[2017-06-15T16:08:56,639][INFO ][o.e.c.m.MetaDataCreateIndexService] [_h1h-U9] [shop] creating index, cause [api], templates [], shards [5]/[1], mappings []
[2017-06-15T17:20:33,875][INFO ][o.e.m.j.JvmGcMonitorService] [_h1h-U9] [gc][young][27378][12] duration [828ms], collections [1]/[1s], total [828ms]/[3.7s], memory [422.6mb]->[158.5mb]/[1.9gb], all_pools {[young] [266.2mb]->[2.1mb]/[266.2mb]}{[survivor] [982.4kb]->[959.4kb]/[33.2mb]}{[old] [155.4mb]->[155.4mb]/[1.6gb]}
[2017-06-15T17:20:33,891][WARN ][o.e.m.j.JvmGcMonitorService] [_h1h-U9] [gc][27378] overhead, spent [828ms] collecting in the last [1s]
[2017-06-15T18:05:11,329][INFO ][o.e.n.Node               ] [_h1h-U9] stopping ...
[2017-06-15T18:05:11,962][INFO ][o.e.n.Node               ] [_h1h-U9] stopped
[2017-06-15T18:05:11,964][INFO ][o.e.n.Node               ] [_h1h-U9] closing ...
[2017-06-15T18:05:12,110][INFO ][o.e.n.Node               ] [_h1h-U9] closed
