[2017-06-07T09:42:33,842][INFO ][o.e.n.Node               ] [] initializing ...
[2017-06-07T09:42:34,008][INFO ][o.e.e.NodeEnvironment    ] [_h1h-U9] using [1] data paths, mounts [[/ (/dev/disk1)]], net usable_space [59.6gb], net total_space [232.6gb], spins? [unknown], types [hfs]
[2017-06-07T09:42:34,009][INFO ][o.e.e.NodeEnvironment    ] [_h1h-U9] heap size [1.9gb], compressed ordinary object pointers [true]
[2017-06-07T09:42:34,077][INFO ][o.e.n.Node               ] node name [_h1h-U9] derived from node ID [_h1h-U9BTimL7eEx1BH6mA]; set [node.name] to override
[2017-06-07T09:42:34,078][INFO ][o.e.n.Node               ] version[5.4.1], pid[6225], build[2cfe0df/2017-05-29T16:05:51.443Z], OS[Mac OS X/10.12.5/x86_64], JVM[Oracle Corporation/Java HotSpot(TM) 64-Bit Server VM/1.8.0_131/25.131-b11]
[2017-06-07T09:42:34,078][INFO ][o.e.n.Node               ] JVM arguments [-Xms2g, -Xmx2g, -XX:+UseConcMarkSweepGC, -XX:CMSInitiatingOccupancyFraction=75, -XX:+UseCMSInitiatingOccupancyOnly, -XX:+DisableExplicitGC, -XX:+AlwaysPreTouch, -Xss1m, -Djava.awt.headless=true, -Dfile.encoding=UTF-8, -Djna.nosys=true, -Djdk.io.permissionsUseCanonicalPath=true, -Dio.netty.noUnsafe=true, -Dio.netty.noKeySetOptimization=true, -Dio.netty.recycler.maxCapacityPerThread=0, -Dlog4j.shutdownHookEnabled=false, -Dlog4j2.disable.jmx=true, -Dlog4j.skipJansi=true, -XX:+HeapDumpOnOutOfMemoryError, -Des.path.home=/Users/ggil01/my_tutorials_and_short/node/elastic_search_node/elasticsearch-5.4.1]
[2017-06-07T09:42:36,403][INFO ][o.e.p.PluginsService     ] [_h1h-U9] loaded module [aggs-matrix-stats]
[2017-06-07T09:42:36,404][INFO ][o.e.p.PluginsService     ] [_h1h-U9] loaded module [ingest-common]
[2017-06-07T09:42:36,404][INFO ][o.e.p.PluginsService     ] [_h1h-U9] loaded module [lang-expression]
[2017-06-07T09:42:36,404][INFO ][o.e.p.PluginsService     ] [_h1h-U9] loaded module [lang-groovy]
[2017-06-07T09:42:36,404][INFO ][o.e.p.PluginsService     ] [_h1h-U9] loaded module [lang-mustache]
[2017-06-07T09:42:36,404][INFO ][o.e.p.PluginsService     ] [_h1h-U9] loaded module [lang-painless]
[2017-06-07T09:42:36,405][INFO ][o.e.p.PluginsService     ] [_h1h-U9] loaded module [percolator]
[2017-06-07T09:42:36,405][INFO ][o.e.p.PluginsService     ] [_h1h-U9] loaded module [reindex]
[2017-06-07T09:42:36,405][INFO ][o.e.p.PluginsService     ] [_h1h-U9] loaded module [transport-netty3]
[2017-06-07T09:42:36,405][INFO ][o.e.p.PluginsService     ] [_h1h-U9] loaded module [transport-netty4]
[2017-06-07T09:42:36,406][INFO ][o.e.p.PluginsService     ] [_h1h-U9] no plugins loaded
[2017-06-07T09:42:39,501][INFO ][o.e.d.DiscoveryModule    ] [_h1h-U9] using discovery type [zen]
[2017-06-07T09:42:40,509][INFO ][o.e.n.Node               ] initialized
[2017-06-07T09:42:40,510][INFO ][o.e.n.Node               ] [_h1h-U9] starting ...
[2017-06-07T09:42:40,796][INFO ][o.e.t.TransportService   ] [_h1h-U9] publish_address {127.0.0.1:9300}, bound_addresses {[fe80::1]:9300}, {[::1]:9300}, {127.0.0.1:9300}
[2017-06-07T09:42:43,882][INFO ][o.e.c.s.ClusterService   ] [_h1h-U9] new_master {_h1h-U9}{_h1h-U9BTimL7eEx1BH6mA}{uAuqc7plQReglaI5jJtEGw}{127.0.0.1}{127.0.0.1:9300}, reason: zen-disco-elected-as-master ([0] nodes joined)
[2017-06-07T09:42:43,920][INFO ][o.e.h.n.Netty4HttpServerTransport] [_h1h-U9] publish_address {127.0.0.1:9200}, bound_addresses {[fe80::1]:9200}, {[::1]:9200}, {127.0.0.1:9200}
[2017-06-07T09:42:43,927][INFO ][o.e.n.Node               ] [_h1h-U9] started
[2017-06-07T09:42:44,195][INFO ][o.e.g.GatewayService     ] [_h1h-U9] recovered [3] indices into cluster_state
[2017-06-07T09:42:45,136][INFO ][o.e.c.r.a.AllocationService] [_h1h-U9] Cluster health status changed from [RED] to [YELLOW] (reason: [shards started [[library][3], [library][0]] ...]).
[2017-06-07T10:08:34,635][INFO ][o.e.c.m.MetaDataDeleteIndexService] [_h1h-U9] [blog/PqcKRQT8Tou88x_0U19cdw] deleting index
[2017-06-07T10:22:31,412][INFO ][o.e.c.m.MetaDataCreateIndexService] [_h1h-U9] [hotels] creating index, cause [api], templates [], shards [5]/[1], mappings [hotel]
[2017-06-07T10:22:59,469][INFO ][o.e.m.j.JvmGcMonitorService] [_h1h-U9] [gc][2410] overhead, spent [463ms] collecting in the last [1.2s]
[2017-06-07T11:29:21,820][INFO ][o.e.n.Node               ] [_h1h-U9] stopping ...
[2017-06-07T11:29:22,008][INFO ][o.e.n.Node               ] [_h1h-U9] stopped
[2017-06-07T11:29:22,008][INFO ][o.e.n.Node               ] [_h1h-U9] closing ...
[2017-06-07T11:29:22,083][INFO ][o.e.n.Node               ] [_h1h-U9] closed
[2017-06-07T12:04:55,900][INFO ][o.e.n.Node               ] [] initializing ...
[2017-06-07T12:04:56,049][INFO ][o.e.e.NodeEnvironment    ] [_h1h-U9] using [1] data paths, mounts [[/ (/dev/disk1)]], net usable_space [59.8gb], net total_space [232.6gb], spins? [unknown], types [hfs]
[2017-06-07T12:04:56,049][INFO ][o.e.e.NodeEnvironment    ] [_h1h-U9] heap size [1.9gb], compressed ordinary object pointers [true]
[2017-06-07T12:04:56,110][INFO ][o.e.n.Node               ] node name [_h1h-U9] derived from node ID [_h1h-U9BTimL7eEx1BH6mA]; set [node.name] to override
[2017-06-07T12:04:56,111][INFO ][o.e.n.Node               ] version[5.4.1], pid[9143], build[2cfe0df/2017-05-29T16:05:51.443Z], OS[Mac OS X/10.12.5/x86_64], JVM[Oracle Corporation/Java HotSpot(TM) 64-Bit Server VM/1.8.0_131/25.131-b11]
[2017-06-07T12:04:56,111][INFO ][o.e.n.Node               ] JVM arguments [-Xms2g, -Xmx2g, -XX:+UseConcMarkSweepGC, -XX:CMSInitiatingOccupancyFraction=75, -XX:+UseCMSInitiatingOccupancyOnly, -XX:+DisableExplicitGC, -XX:+AlwaysPreTouch, -Xss1m, -Djava.awt.headless=true, -Dfile.encoding=UTF-8, -Djna.nosys=true, -Djdk.io.permissionsUseCanonicalPath=true, -Dio.netty.noUnsafe=true, -Dio.netty.noKeySetOptimization=true, -Dio.netty.recycler.maxCapacityPerThread=0, -Dlog4j.shutdownHookEnabled=false, -Dlog4j2.disable.jmx=true, -Dlog4j.skipJansi=true, -XX:+HeapDumpOnOutOfMemoryError, -Des.path.home=/Users/ggil01/my_tutorials_and_short/node/elastic_search_node/elasticsearch-5.4.1]
[2017-06-07T12:04:58,243][INFO ][o.e.p.PluginsService     ] [_h1h-U9] loaded module [aggs-matrix-stats]
[2017-06-07T12:04:58,243][INFO ][o.e.p.PluginsService     ] [_h1h-U9] loaded module [ingest-common]
[2017-06-07T12:04:58,243][INFO ][o.e.p.PluginsService     ] [_h1h-U9] loaded module [lang-expression]
[2017-06-07T12:04:58,244][INFO ][o.e.p.PluginsService     ] [_h1h-U9] loaded module [lang-groovy]
[2017-06-07T12:04:58,244][INFO ][o.e.p.PluginsService     ] [_h1h-U9] loaded module [lang-mustache]
[2017-06-07T12:04:58,244][INFO ][o.e.p.PluginsService     ] [_h1h-U9] loaded module [lang-painless]
[2017-06-07T12:04:58,244][INFO ][o.e.p.PluginsService     ] [_h1h-U9] loaded module [percolator]
[2017-06-07T12:04:58,245][INFO ][o.e.p.PluginsService     ] [_h1h-U9] loaded module [reindex]
[2017-06-07T12:04:58,245][INFO ][o.e.p.PluginsService     ] [_h1h-U9] loaded module [transport-netty3]
[2017-06-07T12:04:58,245][INFO ][o.e.p.PluginsService     ] [_h1h-U9] loaded module [transport-netty4]
[2017-06-07T12:04:58,246][INFO ][o.e.p.PluginsService     ] [_h1h-U9] no plugins loaded
[2017-06-07T12:05:01,740][INFO ][o.e.d.DiscoveryModule    ] [_h1h-U9] using discovery type [zen]
[2017-06-07T12:05:02,775][INFO ][o.e.n.Node               ] initialized
[2017-06-07T12:05:02,775][INFO ][o.e.n.Node               ] [_h1h-U9] starting ...
[2017-06-07T12:05:03,078][INFO ][o.e.t.TransportService   ] [_h1h-U9] publish_address {127.0.0.1:9300}, bound_addresses {[fe80::1]:9300}, {[::1]:9300}, {127.0.0.1:9300}
[2017-06-07T12:05:06,367][INFO ][o.e.c.s.ClusterService   ] [_h1h-U9] new_master {_h1h-U9}{_h1h-U9BTimL7eEx1BH6mA}{LgtNsIwwRk-9MAHkJ96D9g}{127.0.0.1}{127.0.0.1:9300}, reason: zen-disco-elected-as-master ([0] nodes joined)
[2017-06-07T12:05:06,397][INFO ][o.e.h.n.Netty4HttpServerTransport] [_h1h-U9] publish_address {127.0.0.1:9200}, bound_addresses {[fe80::1]:9200}, {[::1]:9200}, {127.0.0.1:9200}
[2017-06-07T12:05:06,402][INFO ][o.e.n.Node               ] [_h1h-U9] started
[2017-06-07T12:05:06,821][INFO ][o.e.g.GatewayService     ] [_h1h-U9] recovered [3] indices into cluster_state
[2017-06-07T12:05:07,732][INFO ][o.e.c.r.a.AllocationService] [_h1h-U9] Cluster health status changed from [RED] to [YELLOW] (reason: [shards started [[library][2], [library][0]] ...]).
[2017-06-07T12:05:13,106][WARN ][r.suppressed             ] path: /hotels/hotel/2, params: {index=hotels, id=2, type=hotel}
java.lang.NullPointerException: null
	at java.util.Objects.requireNonNull(Objects.java:203) ~[?:1.8.0_131]
	at org.elasticsearch.action.index.IndexRequest.source(IndexRequest.java:464) ~[elasticsearch-5.4.1.jar:5.4.1]
	at org.elasticsearch.rest.action.document.RestIndexAction.prepareRequest(RestIndexAction.java:75) ~[elasticsearch-5.4.1.jar:5.4.1]
	at org.elasticsearch.rest.BaseRestHandler.handleRequest(BaseRestHandler.java:64) ~[elasticsearch-5.4.1.jar:5.4.1]
	at org.elasticsearch.rest.RestController.dispatchRequest(RestController.java:260) ~[elasticsearch-5.4.1.jar:5.4.1]
	at org.elasticsearch.rest.RestController.dispatchRequest(RestController.java:199) [elasticsearch-5.4.1.jar:5.4.1]
	at org.elasticsearch.http.netty4.Netty4HttpServerTransport.dispatchRequest(Netty4HttpServerTransport.java:505) [transport-netty4-5.4.1.jar:5.4.1]
	at org.elasticsearch.http.netty4.Netty4HttpRequestHandler.channelRead0(Netty4HttpRequestHandler.java:72) [transport-netty4-5.4.1.jar:5.4.1]
	at io.netty.channel.SimpleChannelInboundHandler.channelRead(SimpleChannelInboundHandler.java:105) [netty-transport-4.1.11.Final.jar:4.1.11.Final]
	at io.netty.channel.AbstractChannelHandlerContext.invokeChannelRead(AbstractChannelHandlerContext.java:362) [netty-transport-4.1.11.Final.jar:4.1.11.Final]
	at io.netty.channel.AbstractChannelHandlerContext.invokeChannelRead(AbstractChannelHandlerContext.java:348) [netty-transport-4.1.11.Final.jar:4.1.11.Final]
	at io.netty.channel.AbstractChannelHandlerContext.fireChannelRead(AbstractChannelHandlerContext.java:340) [netty-transport-4.1.11.Final.jar:4.1.11.Final]
	at org.elasticsearch.http.netty4.pipelining.HttpPipeliningHandler.channelRead(HttpPipeliningHandler.java:63) [transport-netty4-5.4.1.jar:5.4.1]
	at io.netty.channel.AbstractChannelHandlerContext.invokeChannelRead(AbstractChannelHandlerContext.java:362) [netty-transport-4.1.11.Final.jar:4.1.11.Final]
	at io.netty.channel.AbstractChannelHandlerContext.invokeChannelRead(AbstractChannelHandlerContext.java:348) [netty-transport-4.1.11.Final.jar:4.1.11.Final]
	at io.netty.channel.AbstractChannelHandlerContext.fireChannelRead(AbstractChannelHandlerContext.java:340) [netty-transport-4.1.11.Final.jar:4.1.11.Final]
	at io.netty.handler.codec.MessageToMessageDecoder.channelRead(MessageToMessageDecoder.java:102) [netty-codec-4.1.11.Final.jar:4.1.11.Final]
	at io.netty.handler.codec.MessageToMessageCodec.channelRead(MessageToMessageCodec.java:111) [netty-codec-4.1.11.Final.jar:4.1.11.Final]
	at io.netty.channel.AbstractChannelHandlerContext.invokeChannelRead(AbstractChannelHandlerContext.java:362) [netty-transport-4.1.11.Final.jar:4.1.11.Final]
	at io.netty.channel.AbstractChannelHandlerContext.invokeChannelRead(AbstractChannelHandlerContext.java:348) [netty-transport-4.1.11.Final.jar:4.1.11.Final]
	at io.netty.channel.AbstractChannelHandlerContext.fireChannelRead(AbstractChannelHandlerContext.java:340) [netty-transport-4.1.11.Final.jar:4.1.11.Final]
	at io.netty.handler.codec.MessageToMessageDecoder.channelRead(MessageToMessageDecoder.java:102) [netty-codec-4.1.11.Final.jar:4.1.11.Final]
	at io.netty.channel.AbstractChannelHandlerContext.invokeChannelRead(AbstractChannelHandlerContext.java:362) [netty-transport-4.1.11.Final.jar:4.1.11.Final]
	at io.netty.channel.AbstractChannelHandlerContext.invokeChannelRead(AbstractChannelHandlerContext.java:348) [netty-transport-4.1.11.Final.jar:4.1.11.Final]
	at io.netty.channel.AbstractChannelHandlerContext.fireChannelRead(AbstractChannelHandlerContext.java:340) [netty-transport-4.1.11.Final.jar:4.1.11.Final]
	at io.netty.handler.codec.MessageToMessageDecoder.channelRead(MessageToMessageDecoder.java:102) [netty-codec-4.1.11.Final.jar:4.1.11.Final]
	at io.netty.channel.AbstractChannelHandlerContext.invokeChannelRead(AbstractChannelHandlerContext.java:362) [netty-transport-4.1.11.Final.jar:4.1.11.Final]
	at io.netty.channel.AbstractChannelHandlerContext.invokeChannelRead(AbstractChannelHandlerContext.java:348) [netty-transport-4.1.11.Final.jar:4.1.11.Final]
	at io.netty.channel.AbstractChannelHandlerContext.fireChannelRead(AbstractChannelHandlerContext.java:340) [netty-transport-4.1.11.Final.jar:4.1.11.Final]
	at io.netty.handler.codec.ByteToMessageDecoder.fireChannelRead(ByteToMessageDecoder.java:310) [netty-codec-4.1.11.Final.jar:4.1.11.Final]
	at io.netty.handler.codec.ByteToMessageDecoder.channelRead(ByteToMessageDecoder.java:284) [netty-codec-4.1.11.Final.jar:4.1.11.Final]
	at io.netty.channel.AbstractChannelHandlerContext.invokeChannelRead(AbstractChannelHandlerContext.java:362) [netty-transport-4.1.11.Final.jar:4.1.11.Final]
	at io.netty.channel.AbstractChannelHandlerContext.invokeChannelRead(AbstractChannelHandlerContext.java:348) [netty-transport-4.1.11.Final.jar:4.1.11.Final]
	at io.netty.channel.AbstractChannelHandlerContext.fireChannelRead(AbstractChannelHandlerContext.java:340) [netty-transport-4.1.11.Final.jar:4.1.11.Final]
	at io.netty.channel.ChannelInboundHandlerAdapter.channelRead(ChannelInboundHandlerAdapter.java:86) [netty-transport-4.1.11.Final.jar:4.1.11.Final]
	at io.netty.channel.AbstractChannelHandlerContext.invokeChannelRead(AbstractChannelHandlerContext.java:362) [netty-transport-4.1.11.Final.jar:4.1.11.Final]
	at io.netty.channel.AbstractChannelHandlerContext.invokeChannelRead(AbstractChannelHandlerContext.java:348) [netty-transport-4.1.11.Final.jar:4.1.11.Final]
	at io.netty.channel.AbstractChannelHandlerContext.fireChannelRead(AbstractChannelHandlerContext.java:340) [netty-transport-4.1.11.Final.jar:4.1.11.Final]
	at io.netty.channel.DefaultChannelPipeline$HeadContext.channelRead(DefaultChannelPipeline.java:1334) [netty-transport-4.1.11.Final.jar:4.1.11.Final]
	at io.netty.channel.AbstractChannelHandlerContext.invokeChannelRead(AbstractChannelHandlerContext.java:362) [netty-transport-4.1.11.Final.jar:4.1.11.Final]
	at io.netty.channel.AbstractChannelHandlerContext.invokeChannelRead(AbstractChannelHandlerContext.java:348) [netty-transport-4.1.11.Final.jar:4.1.11.Final]
	at io.netty.channel.DefaultChannelPipeline.fireChannelRead(DefaultChannelPipeline.java:926) [netty-transport-4.1.11.Final.jar:4.1.11.Final]
	at io.netty.channel.nio.AbstractNioByteChannel$NioByteUnsafe.read(AbstractNioByteChannel.java:134) [netty-transport-4.1.11.Final.jar:4.1.11.Final]
	at io.netty.channel.nio.NioEventLoop.processSelectedKey(NioEventLoop.java:644) [netty-transport-4.1.11.Final.jar:4.1.11.Final]
	at io.netty.channel.nio.NioEventLoop.processSelectedKeysPlain(NioEventLoop.java:544) [netty-transport-4.1.11.Final.jar:4.1.11.Final]
	at io.netty.channel.nio.NioEventLoop.processSelectedKeys(NioEventLoop.java:498) [netty-transport-4.1.11.Final.jar:4.1.11.Final]
	at io.netty.channel.nio.NioEventLoop.run(NioEventLoop.java:458) [netty-transport-4.1.11.Final.jar:4.1.11.Final]
	at io.netty.util.concurrent.SingleThreadEventExecutor$5.run(SingleThreadEventExecutor.java:858) [netty-common-4.1.11.Final.jar:4.1.11.Final]
	at java.lang.Thread.run(Thread.java:748) [?:1.8.0_131]
[2017-06-07T12:44:20,868][WARN ][o.e.m.j.JvmGcMonitorService] [_h1h-U9] [gc][2351] overhead, spent [609ms] collecting in the last [1s]
[2017-06-07T16:04:03,688][INFO ][o.e.m.j.JvmGcMonitorService] [_h1h-U9] [gc][14297] overhead, spent [289ms] collecting in the last [1s]
[2017-06-07T16:13:23,965][INFO ][o.e.c.m.MetaDataCreateIndexService] [_h1h-U9] [recipes] creating index, cause [auto(bulk api)], templates [], shards [5]/[1], mappings []
[2017-06-07T16:13:24,326][INFO ][o.e.c.m.MetaDataMappingService] [_h1h-U9] [recipes/-605TRzYTbCON8Vh3yYqqw] create_mapping [article]
[2017-06-07T18:07:01,351][INFO ][o.e.n.Node               ] [_h1h-U9] stopping ...
[2017-06-07T18:07:01,507][INFO ][o.e.n.Node               ] [_h1h-U9] stopped
[2017-06-07T18:07:01,508][INFO ][o.e.n.Node               ] [_h1h-U9] closing ...
[2017-06-07T18:07:01,539][INFO ][o.e.n.Node               ] [_h1h-U9] closed
